{"C:\\Users\\zeeit\\OneDrive\\Desktop\\kursovaya\\modules\\frontend\\src\\lib\\doctorPhotoSrc.ts": {"path":"C:\\Users\\zeeit\\OneDrive\\Desktop\\kursovaya\\modules\\frontend\\src\\lib\\doctorPhotoSrc.ts","all":false,"statementMap":{"0":{"start":{"line":1,"column":0},"end":{"line":1,"column":26}},"1":{"start":{"line":2,"column":0},"end":{"line":2,"column":66}},"4":{"start":{"line":5,"column":0},"end":{"line":5,"column":61}},"5":{"start":{"line":6,"column":0},"end":{"line":6,"column":65}},"6":{"start":{"line":7,"column":0},"end":{"line":7,"column":52}},"7":{"start":{"line":8,"column":0},"end":{"line":8,"column":46}},"8":{"start":{"line":9,"column":0},"end":{"line":9,"column":42}},"9":{"start":{"line":10,"column":0},"end":{"line":10,"column":63}},"10":{"start":{"line":11,"column":0},"end":{"line":11,"column":1}},"15":{"start":{"line":16,"column":0},"end":{"line":16,"column":35}},"16":{"start":{"line":17,"column":0},"end":{"line":17,"column":34}},"17":{"start":{"line":18,"column":0},"end":{"line":18,"column":26}},"18":{"start":{"line":19,"column":0},"end":{"line":19,"column":18}},"19":{"start":{"line":20,"column":0},"end":{"line":20,"column":48}},"20":{"start":{"line":21,"column":0},"end":{"line":21,"column":23}},"21":{"start":{"line":22,"column":0},"end":{"line":22,"column":34}},"22":{"start":{"line":23,"column":0},"end":{"line":23,"column":10}},"23":{"start":{"line":24,"column":0},"end":{"line":24,"column":2}},"24":{"start":{"line":25,"column":0},"end":{"line":25,"column":59}},"25":{"start":{"line":26,"column":0},"end":{"line":26,"column":40}},"26":{"start":{"line":27,"column":0},"end":{"line":27,"column":2}},"27":{"start":{"line":28,"column":0},"end":{"line":28,"column":13}},"28":{"start":{"line":29,"column":0},"end":{"line":29,"column":40}},"29":{"start":{"line":30,"column":0},"end":{"line":30,"column":65}},"30":{"start":{"line":31,"column":0},"end":{"line":31,"column":4}},"31":{"start":{"line":32,"column":0},"end":{"line":32,"column":42}},"32":{"start":{"line":33,"column":0},"end":{"line":33,"column":72}},"33":{"start":{"line":34,"column":0},"end":{"line":34,"column":2}},"34":{"start":{"line":35,"column":0},"end":{"line":35,"column":59}},"35":{"start":{"line":36,"column":0},"end":{"line":36,"column":64}},"36":{"start":{"line":37,"column":0},"end":{"line":37,"column":35}},"37":{"start":{"line":38,"column":0},"end":{"line":38,"column":2}},"38":{"start":{"line":39,"column":0},"end":{"line":39,"column":37}},"39":{"start":{"line":40,"column":0},"end":{"line":40,"column":1}}},"s":{"0":1,"1":1,"4":2,"5":2,"6":2,"7":2,"8":2,"9":2,"10":2,"15":1,"16":7,"17":7,"18":7,"19":7,"20":5,"21":7,"22":1,"23":1,"24":7,"25":1,"26":1,"27":3,"28":7,"29":2,"30":0,"31":7,"32":1,"33":1,"34":7,"35":2,"36":2,"37":2,"38":0,"39":0},"branchMap":{"0":{"type":"branch","line":5,"loc":{"start":{"line":5,"column":0},"end":{"line":11,"column":1}},"locations":[{"start":{"line":5,"column":0},"end":{"line":11,"column":1}}]},"1":{"type":"branch","line":7,"loc":{"start":{"line":7,"column":6},"end":{"line":7,"column":42}},"locations":[{"start":{"line":7,"column":6},"end":{"line":7,"column":42}}]},"2":{"type":"branch","line":7,"loc":{"start":{"line":7,"column":42},"end":{"line":8,"column":43}},"locations":[{"start":{"line":7,"column":42},"end":{"line":8,"column":43}}]},"3":{"type":"branch","line":8,"loc":{"start":{"line":8,"column":36},"end":{"line":8,"column":46}},"locations":[{"start":{"line":8,"column":36},"end":{"line":8,"column":46}}]},"4":{"type":"branch","line":8,"loc":{"start":{"line":8,"column":43},"end":{"line":9,"column":33}},"locations":[{"start":{"line":8,"column":43},"end":{"line":9,"column":33}}]},"5":{"type":"branch","line":9,"loc":{"start":{"line":9,"column":29},"end":{"line":9,"column":39}},"locations":[{"start":{"line":9,"column":29},"end":{"line":9,"column":39}}]},"6":{"type":"branch","line":9,"loc":{"start":{"line":9,"column":33},"end":{"line":9,"column":42}},"locations":[{"start":{"line":9,"column":33},"end":{"line":9,"column":42}}]},"7":{"type":"branch","line":16,"loc":{"start":{"line":16,"column":7},"end":{"line":40,"column":1}},"locations":[{"start":{"line":16,"column":7},"end":{"line":40,"column":1}}]},"8":{"type":"branch","line":20,"loc":{"start":{"line":20,"column":14},"end":{"line":20,"column":37}},"locations":[{"start":{"line":20,"column":14},"end":{"line":20,"column":37}}]},"9":{"type":"branch","line":20,"loc":{"start":{"line":20,"column":37},"end":{"line":20,"column":48}},"locations":[{"start":{"line":20,"column":37},"end":{"line":20,"column":48}}]},"10":{"type":"branch","line":20,"loc":{"start":{"line":20,"column":44},"end":{"line":22,"column":33}},"locations":[{"start":{"line":20,"column":44},"end":{"line":22,"column":33}}]},"11":{"type":"branch","line":22,"loc":{"start":{"line":22,"column":33},"end":{"line":24,"column":2}},"locations":[{"start":{"line":22,"column":33},"end":{"line":24,"column":2}}]},"12":{"type":"branch","line":24,"loc":{"start":{"line":24,"column":1},"end":{"line":25,"column":58}},"locations":[{"start":{"line":24,"column":1},"end":{"line":25,"column":58}}]},"13":{"type":"branch","line":25,"loc":{"start":{"line":25,"column":58},"end":{"line":27,"column":2}},"locations":[{"start":{"line":25,"column":58},"end":{"line":27,"column":2}}]},"14":{"type":"branch","line":27,"loc":{"start":{"line":27,"column":1},"end":{"line":29,"column":19}},"locations":[{"start":{"line":27,"column":1},"end":{"line":29,"column":19}}]},"15":{"type":"branch","line":29,"loc":{"start":{"line":29,"column":2},"end":{"line":29,"column":27}},"locations":[{"start":{"line":29,"column":2},"end":{"line":29,"column":27}}]},"16":{"type":"branch","line":29,"loc":{"start":{"line":29,"column":36},"end":{"line":30,"column":65}},"locations":[{"start":{"line":29,"column":36},"end":{"line":30,"column":65}}]},"17":{"type":"branch","line":30,"loc":{"start":{"line":30,"column":61},"end":{"line":31,"column":4}},"locations":[{"start":{"line":30,"column":61},"end":{"line":31,"column":4}}]},"18":{"type":"branch","line":32,"loc":{"start":{"line":32,"column":30},"end":{"line":32,"column":41}},"locations":[{"start":{"line":32,"column":30},"end":{"line":32,"column":41}}]},"19":{"type":"branch","line":32,"loc":{"start":{"line":32,"column":41},"end":{"line":34,"column":2}},"locations":[{"start":{"line":32,"column":41},"end":{"line":34,"column":2}}]},"20":{"type":"branch","line":34,"loc":{"start":{"line":34,"column":1},"end":{"line":35,"column":29}},"locations":[{"start":{"line":34,"column":1},"end":{"line":35,"column":29}}]},"21":{"type":"branch","line":35,"loc":{"start":{"line":35,"column":24},"end":{"line":35,"column":58}},"locations":[{"start":{"line":35,"column":24},"end":{"line":35,"column":58}}]},"22":{"type":"branch","line":35,"loc":{"start":{"line":35,"column":58},"end":{"line":38,"column":2}},"locations":[{"start":{"line":35,"column":58},"end":{"line":38,"column":2}}]},"23":{"type":"branch","line":36,"loc":{"start":{"line":36,"column":34},"end":{"line":36,"column":53}},"locations":[{"start":{"line":36,"column":34},"end":{"line":36,"column":53}}]},"24":{"type":"branch","line":36,"loc":{"start":{"line":36,"column":38},"end":{"line":36,"column":64}},"locations":[{"start":{"line":36,"column":38},"end":{"line":36,"column":64}}]},"25":{"type":"branch","line":38,"loc":{"start":{"line":38,"column":1},"end":{"line":40,"column":1}},"locations":[{"start":{"line":38,"column":1},"end":{"line":40,"column":1}}]}},"b":{"0":[2],"1":[1],"2":[1],"3":[0],"4":[1],"5":[0],"6":[1],"7":[7],"8":[6],"9":[2],"10":[5],"11":[1],"12":[4],"13":[1],"14":[3],"15":[1],"16":[2],"17":[0],"18":[1],"19":[1],"20":[2],"21":[1],"22":[2],"23":[1],"24":[1],"25":[0]},"fnMap":{"0":{"name":"appendDirectusAssetReadToken","decl":{"start":{"line":5,"column":0},"end":{"line":11,"column":1}},"loc":{"start":{"line":5,"column":0},"end":{"line":11,"column":1}},"line":5},"1":{"name":"doctorPhotoImgSrc","decl":{"start":{"line":16,"column":7},"end":{"line":40,"column":1}},"loc":{"start":{"line":16,"column":7},"end":{"line":40,"column":1}},"line":16}},"f":{"0":2,"1":7}}
,"C:\\Users\\zeeit\\OneDrive\\Desktop\\kursovaya\\modules\\frontend\\src\\lib\\format-clinic-service-price.ts": {"path":"C:\\Users\\zeeit\\OneDrive\\Desktop\\kursovaya\\modules\\frontend\\src\\lib\\format-clinic-service-price.ts","all":false,"statementMap":{"2":{"start":{"line":3,"column":0},"end":{"line":3,"column":85}},"3":{"start":{"line":4,"column":0},"end":{"line":4,"column":31}},"4":{"start":{"line":5,"column":0},"end":{"line":5,"column":87}},"5":{"start":{"line":6,"column":0},"end":{"line":6,"column":37}},"6":{"start":{"line":7,"column":0},"end":{"line":7,"column":1}},"9":{"start":{"line":10,"column":0},"end":{"line":10,"column":51}},"10":{"start":{"line":11,"column":0},"end":{"line":11,"column":42}},"11":{"start":{"line":12,"column":0},"end":{"line":12,"column":11}},"12":{"start":{"line":13,"column":0},"end":{"line":13,"column":35}},"13":{"start":{"line":14,"column":0},"end":{"line":14,"column":47}},"14":{"start":{"line":15,"column":0},"end":{"line":15,"column":40}},"15":{"start":{"line":16,"column":0},"end":{"line":16,"column":20}},"16":{"start":{"line":17,"column":0},"end":{"line":17,"column":18}},"17":{"start":{"line":18,"column":0},"end":{"line":18,"column":27}},"18":{"start":{"line":19,"column":0},"end":{"line":19,"column":14}},"19":{"start":{"line":20,"column":0},"end":{"line":20,"column":1}},"21":{"start":{"line":22,"column":0},"end":{"line":22,"column":89}},"22":{"start":{"line":23,"column":0},"end":{"line":23,"column":58}},"23":{"start":{"line":24,"column":0},"end":{"line":24,"column":1}}},"s":{"2":1,"3":12,"4":12,"5":12,"6":12,"9":1,"10":8,"11":8,"12":8,"13":8,"14":4,"15":4,"16":4,"17":4,"18":4,"19":4,"21":1,"22":2,"23":2},"branchMap":{"0":{"type":"branch","line":3,"loc":{"start":{"line":3,"column":7},"end":{"line":7,"column":1}},"locations":[{"start":{"line":3,"column":7},"end":{"line":7,"column":1}}]},"1":{"type":"branch","line":4,"loc":{"start":{"line":4,"column":20},"end":{"line":4,"column":31}},"locations":[{"start":{"line":4,"column":20},"end":{"line":4,"column":31}}]},"2":{"type":"branch","line":4,"loc":{"start":{"line":4,"column":27},"end":{"line":5,"column":39}},"locations":[{"start":{"line":4,"column":27},"end":{"line":5,"column":39}}]},"3":{"type":"branch","line":5,"loc":{"start":{"line":5,"column":28},"end":{"line":5,"column":47}},"locations":[{"start":{"line":5,"column":28},"end":{"line":5,"column":47}}]},"4":{"type":"branch","line":5,"loc":{"start":{"line":5,"column":39},"end":{"line":5,"column":87}},"locations":[{"start":{"line":5,"column":39},"end":{"line":5,"column":87}}]},"5":{"type":"branch","line":6,"loc":{"start":{"line":6,"column":25},"end":{"line":6,"column":33}},"locations":[{"start":{"line":6,"column":25},"end":{"line":6,"column":33}}]},"6":{"type":"branch","line":6,"loc":{"start":{"line":6,"column":29},"end":{"line":6,"column":37}},"locations":[{"start":{"line":6,"column":29},"end":{"line":6,"column":37}}]},"7":{"type":"branch","line":10,"loc":{"start":{"line":10,"column":7},"end":{"line":20,"column":1}},"locations":[{"start":{"line":10,"column":7},"end":{"line":20,"column":1}}]},"8":{"type":"branch","line":14,"loc":{"start":{"line":14,"column":23},"end":{"line":14,"column":36}},"locations":[{"start":{"line":14,"column":23},"end":{"line":14,"column":36}}]},"9":{"type":"branch","line":14,"loc":{"start":{"line":14,"column":36},"end":{"line":20,"column":1}},"locations":[{"start":{"line":14,"column":36},"end":{"line":20,"column":1}}]},"10":{"type":"branch","line":22,"loc":{"start":{"line":22,"column":7},"end":{"line":24,"column":1}},"locations":[{"start":{"line":22,"column":7},"end":{"line":24,"column":1}}]}},"b":{"0":[12],"1":[3],"2":[9],"3":[6],"4":[3],"5":[8],"6":[1],"7":[8],"8":[6],"9":[4],"10":[2]},"fnMap":{"0":{"name":"parseClinicPrice","decl":{"start":{"line":3,"column":7},"end":{"line":7,"column":1}},"loc":{"start":{"line":3,"column":7},"end":{"line":7,"column":1}},"line":3},"1":{"name":"formatClinicServicePriceFromFields","decl":{"start":{"line":10,"column":7},"end":{"line":20,"column":1}},"loc":{"start":{"line":10,"column":7},"end":{"line":20,"column":1}},"line":10},"2":{"name":"formatClinicServicePrice","decl":{"start":{"line":22,"column":7},"end":{"line":24,"column":1}},"loc":{"start":{"line":22,"column":7},"end":{"line":24,"column":1}},"line":22}},"f":{"0":12,"1":8,"2":2}}
,"C:\\Users\\zeeit\\OneDrive\\Desktop\\kursovaya\\modules\\frontend\\src\\lib\\mapLoginUser.ts": {"path":"C:\\Users\\zeeit\\OneDrive\\Desktop\\kursovaya\\modules\\frontend\\src\\lib\\mapLoginUser.ts","all":false,"statementMap":{"2":{"start":{"line":3,"column":0},"end":{"line":3,"column":37}},"3":{"start":{"line":4,"column":0},"end":{"line":4,"column":34}},"4":{"start":{"line":5,"column":0},"end":{"line":5,"column":25}},"5":{"start":{"line":6,"column":0},"end":{"line":6,"column":9}},"6":{"start":{"line":7,"column":0},"end":{"line":7,"column":36}},"7":{"start":{"line":8,"column":0},"end":{"line":8,"column":21}},"8":{"start":{"line":9,"column":0},"end":{"line":9,"column":17}},"9":{"start":{"line":10,"column":0},"end":{"line":10,"column":23}},"10":{"start":{"line":11,"column":0},"end":{"line":11,"column":29}},"11":{"start":{"line":12,"column":0},"end":{"line":12,"column":37}},"12":{"start":{"line":13,"column":0},"end":{"line":13,"column":35}},"13":{"start":{"line":14,"column":0},"end":{"line":14,"column":39}},"14":{"start":{"line":15,"column":0},"end":{"line":15,"column":31}},"15":{"start":{"line":16,"column":0},"end":{"line":16,"column":31}},"16":{"start":{"line":17,"column":0},"end":{"line":17,"column":25}},"17":{"start":{"line":18,"column":0},"end":{"line":18,"column":7}},"18":{"start":{"line":19,"column":0},"end":{"line":19,"column":39}},"19":{"start":{"line":20,"column":0},"end":{"line":20,"column":37}},"20":{"start":{"line":21,"column":0},"end":{"line":21,"column":3}},"22":{"start":{"line":23,"column":0},"end":{"line":23,"column":23}},"23":{"start":{"line":24,"column":0},"end":{"line":24,"column":28}},"24":{"start":{"line":25,"column":0},"end":{"line":25,"column":47}},"25":{"start":{"line":26,"column":0},"end":{"line":26,"column":40}},"26":{"start":{"line":27,"column":0},"end":{"line":27,"column":18}},"27":{"start":{"line":28,"column":0},"end":{"line":28,"column":12}},"28":{"start":{"line":29,"column":0},"end":{"line":29,"column":21}},"29":{"start":{"line":30,"column":0},"end":{"line":30,"column":44}},"30":{"start":{"line":31,"column":0},"end":{"line":31,"column":10}},"31":{"start":{"line":32,"column":0},"end":{"line":32,"column":46}},"32":{"start":{"line":33,"column":0},"end":{"line":33,"column":44}},"33":{"start":{"line":34,"column":0},"end":{"line":34,"column":44}},"34":{"start":{"line":35,"column":0},"end":{"line":35,"column":4}},"35":{"start":{"line":36,"column":0},"end":{"line":36,"column":2}},"37":{"start":{"line":38,"column":0},"end":{"line":38,"column":13}},"38":{"start":{"line":39,"column":0},"end":{"line":39,"column":1}},"41":{"start":{"line":42,"column":0},"end":{"line":42,"column":44}},"42":{"start":{"line":43,"column":0},"end":{"line":43,"column":12}},"43":{"start":{"line":44,"column":0},"end":{"line":44,"column":24}},"44":{"start":{"line":45,"column":0},"end":{"line":45,"column":9}},"45":{"start":{"line":46,"column":0},"end":{"line":46,"column":31}},"46":{"start":{"line":47,"column":0},"end":{"line":47,"column":9}},"47":{"start":{"line":48,"column":0},"end":{"line":48,"column":7}},"48":{"start":{"line":49,"column":0},"end":{"line":49,"column":18}},"49":{"start":{"line":50,"column":0},"end":{"line":50,"column":49}},"50":{"start":{"line":51,"column":0},"end":{"line":51,"column":26}},"51":{"start":{"line":52,"column":0},"end":{"line":52,"column":26}},"52":{"start":{"line":53,"column":0},"end":{"line":53,"column":3}},"53":{"start":{"line":54,"column":0},"end":{"line":54,"column":1}}},"s":{"2":1,"3":4,"4":4,"5":4,"6":4,"7":4,"8":4,"9":4,"10":4,"11":4,"12":4,"13":4,"14":4,"15":4,"16":4,"17":4,"18":4,"19":4,"20":4,"22":4,"23":2,"24":2,"25":2,"26":2,"27":2,"28":2,"29":2,"30":2,"31":2,"32":2,"33":2,"34":2,"35":2,"37":4,"38":4,"41":1,"42":1,"43":1,"44":1,"45":1,"46":1,"47":1,"48":1,"49":1,"50":1,"51":1,"52":1,"53":1},"branchMap":{"0":{"type":"branch","line":3,"loc":{"start":{"line":3,"column":7},"end":{"line":39,"column":1}},"locations":[{"start":{"line":3,"column":7},"end":{"line":39,"column":1}}]},"1":{"type":"branch","line":7,"loc":{"start":{"line":7,"column":14},"end":{"line":7,"column":36}},"locations":[{"start":{"line":7,"column":14},"end":{"line":7,"column":36}}]},"2":{"type":"branch","line":11,"loc":{"start":{"line":11,"column":17},"end":{"line":11,"column":29}},"locations":[{"start":{"line":11,"column":17},"end":{"line":11,"column":29}}]},"3":{"type":"branch","line":12,"loc":{"start":{"line":12,"column":21},"end":{"line":12,"column":37}},"locations":[{"start":{"line":12,"column":21},"end":{"line":12,"column":37}}]},"4":{"type":"branch","line":13,"loc":{"start":{"line":13,"column":20},"end":{"line":13,"column":35}},"locations":[{"start":{"line":13,"column":20},"end":{"line":13,"column":35}}]},"5":{"type":"branch","line":14,"loc":{"start":{"line":14,"column":22},"end":{"line":14,"column":39}},"locations":[{"start":{"line":14,"column":22},"end":{"line":14,"column":39}}]},"6":{"type":"branch","line":19,"loc":{"start":{"line":19,"column":21},"end":{"line":19,"column":39}},"locations":[{"start":{"line":19,"column":21},"end":{"line":19,"column":39}}]},"7":{"type":"branch","line":23,"loc":{"start":{"line":23,"column":22},"end":{"line":36,"column":2}},"locations":[{"start":{"line":23,"column":22},"end":{"line":36,"column":2}}]},"8":{"type":"branch","line":25,"loc":{"start":{"line":25,"column":37},"end":{"line":25,"column":45}},"locations":[{"start":{"line":25,"column":37},"end":{"line":25,"column":45}}]},"9":{"type":"branch","line":25,"loc":{"start":{"line":25,"column":41},"end":{"line":25,"column":47}},"locations":[{"start":{"line":25,"column":41},"end":{"line":25,"column":47}}]},"10":{"type":"branch","line":30,"loc":{"start":{"line":30,"column":17},"end":{"line":30,"column":44}},"locations":[{"start":{"line":30,"column":17},"end":{"line":30,"column":44}}]},"11":{"type":"branch","line":32,"loc":{"start":{"line":32,"column":22},"end":{"line":32,"column":46}},"locations":[{"start":{"line":32,"column":22},"end":{"line":32,"column":46}}]},"12":{"type":"branch","line":42,"loc":{"start":{"line":42,"column":7},"end":{"line":54,"column":1}},"locations":[{"start":{"line":42,"column":7},"end":{"line":54,"column":1}}]},"13":{"type":"branch","line":50,"loc":{"start":{"line":50,"column":18},"end":{"line":50,"column":49}},"locations":[{"start":{"line":50,"column":18},"end":{"line":50,"column":49}}]}},"b":{"0":[4],"1":[3],"2":[1],"3":[1],"4":[1],"5":[1],"6":[3],"7":[2],"8":[1],"9":[1],"10":[1],"11":[1],"12":[1],"13":[0]},"fnMap":{"0":{"name":"userFromLoginPayload","decl":{"start":{"line":3,"column":7},"end":{"line":39,"column":1}},"loc":{"start":{"line":3,"column":7},"end":{"line":39,"column":1}},"line":3},"1":{"name":"mergeUserAfterPatientUpdate","decl":{"start":{"line":42,"column":7},"end":{"line":54,"column":1}},"loc":{"start":{"line":42,"column":7},"end":{"line":54,"column":1}},"line":42}},"f":{"0":4,"1":1}}
,"C:\\Users\\zeeit\\OneDrive\\Desktop\\kursovaya\\modules\\frontend\\src\\store\\api\\apiSlice.ts": {"path":"C:\\Users\\zeeit\\OneDrive\\Desktop\\kursovaya\\modules\\frontend\\src\\store\\api\\apiSlice.ts","all":false,"statementMap":{"0":{"start":{"line":2,"column":0},"end":{"line":2,"column":57}},"1":{"start":{"line":53,"column":0},"end":{"line":53,"column":50}},"2":{"start":{"line":54,"column":0},"end":{"line":54,"column":8}},"3":{"start":{"line":62,"column":0},"end":{"line":62,"column":30}},"4":{"start":{"line":63,"column":0},"end":{"line":63,"column":20}},"5":{"start":{"line":64,"column":0},"end":{"line":64,"column":32}},"6":{"start":{"line":65,"column":0},"end":{"line":65,"column":12}},"7":{"start":{"line":66,"column":0},"end":{"line":66,"column":16}},"8":{"start":{"line":67,"column":0},"end":{"line":67,"column":11}},"9":{"start":{"line":68,"column":0},"end":{"line":68,"column":12}},"10":{"start":{"line":69,"column":0},"end":{"line":69,"column":13}},"11":{"start":{"line":70,"column":0},"end":{"line":70,"column":10}},"12":{"start":{"line":71,"column":0},"end":{"line":71,"column":11}},"13":{"start":{"line":72,"column":0},"end":{"line":72,"column":9}},"14":{"start":{"line":73,"column":0},"end":{"line":73,"column":9}},"15":{"start":{"line":74,"column":0},"end":{"line":74,"column":19}},"16":{"start":{"line":75,"column":0},"end":{"line":75,"column":12}},"17":{"start":{"line":76,"column":0},"end":{"line":76,"column":14}},"18":{"start":{"line":77,"column":0},"end":{"line":77,"column":3}},"19":{"start":{"line":78,"column":0},"end":{"line":78,"column":25}},"20":{"start":{"line":79,"column":0},"end":{"line":79,"column":54}},"21":{"start":{"line":80,"column":0},"end":{"line":80,"column":66}},"22":{"start":{"line":81,"column":0},"end":{"line":81,"column":5}},"23":{"start":{"line":82,"column":0},"end":{"line":82,"column":63}},"24":{"start":{"line":83,"column":0},"end":{"line":83,"column":69}},"25":{"start":{"line":84,"column":0},"end":{"line":84,"column":5}},"26":{"start":{"line":85,"column":0},"end":{"line":85,"column":85}},"27":{"start":{"line":86,"column":0},"end":{"line":86,"column":82}},"28":{"start":{"line":87,"column":0},"end":{"line":87,"column":5}},"29":{"start":{"line":88,"column":0},"end":{"line":88,"column":68}},"30":{"start":{"line":89,"column":0},"end":{"line":89,"column":76}},"31":{"start":{"line":90,"column":0},"end":{"line":90,"column":5}},"32":{"start":{"line":91,"column":0},"end":{"line":91,"column":79}},"33":{"start":{"line":92,"column":0},"end":{"line":92,"column":75}},"34":{"start":{"line":93,"column":0},"end":{"line":93,"column":5}},"35":{"start":{"line":95,"column":0},"end":{"line":95,"column":39}},"36":{"start":{"line":96,"column":0},"end":{"line":96,"column":24}},"37":{"start":{"line":97,"column":0},"end":{"line":97,"column":58}},"38":{"start":{"line":98,"column":0},"end":{"line":98,"column":23}},"39":{"start":{"line":99,"column":0},"end":{"line":99,"column":5}},"40":{"start":{"line":100,"column":0},"end":{"line":100,"column":93}},"41":{"start":{"line":101,"column":0},"end":{"line":101,"column":38}},"42":{"start":{"line":102,"column":0},"end":{"line":102,"column":5}},"43":{"start":{"line":103,"column":0},"end":{"line":103,"column":46}},"44":{"start":{"line":104,"column":0},"end":{"line":104,"column":34}},"45":{"start":{"line":105,"column":0},"end":{"line":105,"column":90}},"46":{"start":{"line":106,"column":0},"end":{"line":106,"column":5}},"47":{"start":{"line":107,"column":0},"end":{"line":107,"column":42}},"48":{"start":{"line":108,"column":0},"end":{"line":108,"column":32}},"49":{"start":{"line":109,"column":0},"end":{"line":109,"column":48}},"50":{"start":{"line":110,"column":0},"end":{"line":110,"column":56}},"51":{"start":{"line":111,"column":0},"end":{"line":111,"column":5}},"52":{"start":{"line":112,"column":0},"end":{"line":112,"column":55}},"53":{"start":{"line":113,"column":0},"end":{"line":113,"column":68}},"54":{"start":{"line":114,"column":0},"end":{"line":114,"column":48}},"55":{"start":{"line":115,"column":0},"end":{"line":115,"column":51}},"56":{"start":{"line":116,"column":0},"end":{"line":116,"column":5}},"57":{"start":{"line":117,"column":0},"end":{"line":117,"column":77}},"58":{"start":{"line":118,"column":0},"end":{"line":118,"column":74}},"59":{"start":{"line":119,"column":0},"end":{"line":119,"column":48}},"60":{"start":{"line":120,"column":0},"end":{"line":120,"column":93}},"61":{"start":{"line":121,"column":0},"end":{"line":121,"column":5}},"62":{"start":{"line":122,"column":0},"end":{"line":122,"column":44}},"63":{"start":{"line":123,"column":0},"end":{"line":123,"column":61}},"64":{"start":{"line":124,"column":0},"end":{"line":124,"column":51}},"65":{"start":{"line":125,"column":0},"end":{"line":125,"column":5}},"66":{"start":{"line":127,"column":0},"end":{"line":127,"column":64}},"67":{"start":{"line":128,"column":0},"end":{"line":128,"column":92}},"68":{"start":{"line":129,"column":0},"end":{"line":129,"column":60}},"69":{"start":{"line":130,"column":0},"end":{"line":130,"column":23}},"70":{"start":{"line":131,"column":0},"end":{"line":131,"column":5}},"71":{"start":{"line":132,"column":0},"end":{"line":132,"column":97}},"72":{"start":{"line":133,"column":0},"end":{"line":133,"column":40}},"73":{"start":{"line":134,"column":0},"end":{"line":134,"column":5}},"74":{"start":{"line":135,"column":0},"end":{"line":135,"column":46}},"75":{"start":{"line":136,"column":0},"end":{"line":136,"column":34}},"76":{"start":{"line":137,"column":0},"end":{"line":137,"column":57}},"77":{"start":{"line":138,"column":0},"end":{"line":138,"column":58}},"78":{"start":{"line":139,"column":0},"end":{"line":139,"column":5}},"79":{"start":{"line":140,"column":0},"end":{"line":140,"column":61}},"80":{"start":{"line":141,"column":0},"end":{"line":141,"column":70}},"81":{"start":{"line":142,"column":0},"end":{"line":142,"column":57}},"82":{"start":{"line":143,"column":0},"end":{"line":143,"column":53}},"83":{"start":{"line":144,"column":0},"end":{"line":144,"column":5}},"84":{"start":{"line":145,"column":0},"end":{"line":145,"column":83}},"85":{"start":{"line":146,"column":0},"end":{"line":146,"column":76}},"86":{"start":{"line":147,"column":0},"end":{"line":147,"column":57}},"87":{"start":{"line":148,"column":0},"end":{"line":148,"column":97}},"88":{"start":{"line":149,"column":0},"end":{"line":149,"column":5}},"89":{"start":{"line":150,"column":0},"end":{"line":150,"column":46}},"90":{"start":{"line":151,"column":0},"end":{"line":151,"column":63}},"91":{"start":{"line":152,"column":0},"end":{"line":152,"column":53}},"92":{"start":{"line":153,"column":0},"end":{"line":153,"column":5}},"93":{"start":{"line":155,"column":0},"end":{"line":155,"column":59}},"94":{"start":{"line":156,"column":0},"end":{"line":156,"column":34}},"95":{"start":{"line":157,"column":0},"end":{"line":157,"column":68}},"96":{"start":{"line":158,"column":0},"end":{"line":158,"column":58}},"97":{"start":{"line":159,"column":0},"end":{"line":159,"column":5}},"98":{"start":{"line":160,"column":0},"end":{"line":160,"column":62}},"99":{"start":{"line":161,"column":0},"end":{"line":161,"column":42}},"100":{"start":{"line":162,"column":0},"end":{"line":162,"column":66}},"101":{"start":{"line":163,"column":0},"end":{"line":163,"column":5}},"102":{"start":{"line":164,"column":0},"end":{"line":164,"column":64}},"103":{"start":{"line":165,"column":0},"end":{"line":165,"column":51}},"104":{"start":{"line":166,"column":0},"end":{"line":166,"column":5}},"105":{"start":{"line":167,"column":0},"end":{"line":167,"column":85}},"106":{"start":{"line":168,"column":0},"end":{"line":168,"column":71}},"107":{"start":{"line":169,"column":0},"end":{"line":169,"column":61}},"108":{"start":{"line":170,"column":0},"end":{"line":170,"column":5}},"109":{"start":{"line":171,"column":0},"end":{"line":171,"column":39}},"110":{"start":{"line":174,"column":0},"end":{"line":174,"column":5}},"111":{"start":{"line":175,"column":0},"end":{"line":175,"column":84}},"112":{"start":{"line":176,"column":0},"end":{"line":176,"column":113}},"113":{"start":{"line":177,"column":0},"end":{"line":177,"column":5}},"114":{"start":{"line":178,"column":0},"end":{"line":178,"column":54}},"115":{"start":{"line":179,"column":0},"end":{"line":179,"column":71}},"116":{"start":{"line":180,"column":0},"end":{"line":180,"column":61}},"117":{"start":{"line":181,"column":0},"end":{"line":181,"column":5}},"118":{"start":{"line":183,"column":0},"end":{"line":183,"column":73}},"119":{"start":{"line":184,"column":0},"end":{"line":184,"column":73}},"120":{"start":{"line":185,"column":0},"end":{"line":185,"column":85}},"121":{"start":{"line":186,"column":0},"end":{"line":186,"column":51}},"122":{"start":{"line":187,"column":0},"end":{"line":187,"column":5}},"123":{"start":{"line":188,"column":0},"end":{"line":188,"column":54}},"124":{"start":{"line":189,"column":0},"end":{"line":189,"column":35}},"125":{"start":{"line":190,"column":0},"end":{"line":190,"column":59}},"126":{"start":{"line":191,"column":0},"end":{"line":191,"column":5}},"127":{"start":{"line":192,"column":0},"end":{"line":192,"column":76}},"128":{"start":{"line":193,"column":0},"end":{"line":193,"column":64}},"129":{"start":{"line":194,"column":0},"end":{"line":194,"column":57}},"130":{"start":{"line":195,"column":0},"end":{"line":195,"column":54}},"131":{"start":{"line":196,"column":0},"end":{"line":196,"column":5}},"132":{"start":{"line":197,"column":0},"end":{"line":197,"column":98}},"133":{"start":{"line":198,"column":0},"end":{"line":198,"column":77}},"134":{"start":{"line":199,"column":0},"end":{"line":199,"column":57}},"135":{"start":{"line":200,"column":0},"end":{"line":200,"column":99}},"136":{"start":{"line":201,"column":0},"end":{"line":201,"column":5}},"137":{"start":{"line":202,"column":0},"end":{"line":202,"column":47}},"138":{"start":{"line":203,"column":0},"end":{"line":203,"column":64}},"139":{"start":{"line":204,"column":0},"end":{"line":204,"column":95}},"140":{"start":{"line":205,"column":0},"end":{"line":205,"column":5}},"141":{"start":{"line":206,"column":0},"end":{"line":206,"column":44}},"142":{"start":{"line":209,"column":0},"end":{"line":209,"column":5}},"143":{"start":{"line":210,"column":0},"end":{"line":210,"column":30}},"144":{"start":{"line":211,"column":0},"end":{"line":211,"column":42}},"145":{"start":{"line":212,"column":0},"end":{"line":212,"column":18}},"146":{"start":{"line":213,"column":0},"end":{"line":213,"column":9}},"147":{"start":{"line":214,"column":0},"end":{"line":214,"column":6}},"148":{"start":{"line":215,"column":0},"end":{"line":215,"column":57}},"149":{"start":{"line":216,"column":0},"end":{"line":216,"column":99}},"150":{"start":{"line":217,"column":0},"end":{"line":217,"column":5}},"151":{"start":{"line":219,"column":0},"end":{"line":219,"column":45}},"152":{"start":{"line":220,"column":0},"end":{"line":220,"column":27}},"153":{"start":{"line":221,"column":0},"end":{"line":221,"column":61}},"154":{"start":{"line":222,"column":0},"end":{"line":222,"column":23}},"155":{"start":{"line":223,"column":0},"end":{"line":223,"column":5}},"156":{"start":{"line":224,"column":0},"end":{"line":224,"column":99}},"157":{"start":{"line":225,"column":0},"end":{"line":225,"column":41}},"158":{"start":{"line":226,"column":0},"end":{"line":226,"column":5}},"159":{"start":{"line":227,"column":0},"end":{"line":227,"column":48}},"160":{"start":{"line":228,"column":0},"end":{"line":228,"column":35}},"161":{"start":{"line":229,"column":0},"end":{"line":229,"column":84}},"162":{"start":{"line":230,"column":0},"end":{"line":230,"column":59}},"163":{"start":{"line":231,"column":0},"end":{"line":231,"column":5}},"164":{"start":{"line":232,"column":0},"end":{"line":232,"column":64}},"165":{"start":{"line":233,"column":0},"end":{"line":233,"column":64}},"166":{"start":{"line":234,"column":0},"end":{"line":234,"column":95}},"167":{"start":{"line":235,"column":0},"end":{"line":235,"column":54}},"168":{"start":{"line":236,"column":0},"end":{"line":236,"column":5}},"169":{"start":{"line":237,"column":0},"end":{"line":237,"column":86}},"170":{"start":{"line":238,"column":0},"end":{"line":238,"column":77}},"171":{"start":{"line":239,"column":0},"end":{"line":239,"column":97}},"172":{"start":{"line":240,"column":0},"end":{"line":240,"column":99}},"173":{"start":{"line":241,"column":0},"end":{"line":241,"column":5}},"174":{"start":{"line":242,"column":0},"end":{"line":242,"column":47}},"175":{"start":{"line":243,"column":0},"end":{"line":243,"column":64}},"176":{"start":{"line":244,"column":0},"end":{"line":244,"column":54}},"177":{"start":{"line":245,"column":0},"end":{"line":245,"column":5}},"178":{"start":{"line":247,"column":0},"end":{"line":247,"column":79}},"179":{"start":{"line":248,"column":0},"end":{"line":248,"column":77}},"180":{"start":{"line":249,"column":0},"end":{"line":249,"column":65}},"181":{"start":{"line":250,"column":0},"end":{"line":250,"column":55}},"182":{"start":{"line":251,"column":0},"end":{"line":251,"column":5}},"183":{"start":{"line":252,"column":0},"end":{"line":252,"column":56}},"184":{"start":{"line":253,"column":0},"end":{"line":253,"column":39}},"185":{"start":{"line":254,"column":0},"end":{"line":254,"column":97}},"186":{"start":{"line":255,"column":0},"end":{"line":255,"column":63}},"187":{"start":{"line":256,"column":0},"end":{"line":256,"column":5}},"188":{"start":{"line":257,"column":0},"end":{"line":257,"column":92}},"189":{"start":{"line":258,"column":0},"end":{"line":258,"column":36}},"190":{"start":{"line":259,"column":0},"end":{"line":259,"column":43}},"191":{"start":{"line":260,"column":0},"end":{"line":260,"column":40}},"192":{"start":{"line":261,"column":0},"end":{"line":261,"column":6}},"193":{"start":{"line":262,"column":0},"end":{"line":262,"column":65}},"194":{"start":{"line":263,"column":0},"end":{"line":263,"column":44}},"195":{"start":{"line":264,"column":0},"end":{"line":264,"column":40}},"196":{"start":{"line":265,"column":0},"end":{"line":265,"column":54}},"197":{"start":{"line":266,"column":0},"end":{"line":266,"column":5}},"198":{"start":{"line":267,"column":0},"end":{"line":267,"column":5}},"199":{"start":{"line":268,"column":0},"end":{"line":268,"column":90}},"200":{"start":{"line":269,"column":0},"end":{"line":269,"column":87}},"201":{"start":{"line":270,"column":0},"end":{"line":270,"column":65}},"202":{"start":{"line":271,"column":0},"end":{"line":271,"column":97}},"203":{"start":{"line":272,"column":0},"end":{"line":272,"column":5}},"204":{"start":{"line":273,"column":0},"end":{"line":273,"column":64}},"205":{"start":{"line":274,"column":0},"end":{"line":274,"column":61}},"206":{"start":{"line":275,"column":0},"end":{"line":275,"column":65}},"207":{"start":{"line":276,"column":0},"end":{"line":276,"column":41}},"208":{"start":{"line":277,"column":0},"end":{"line":277,"column":40}},"209":{"start":{"line":278,"column":0},"end":{"line":278,"column":56}},"210":{"start":{"line":279,"column":0},"end":{"line":279,"column":5}},"211":{"start":{"line":280,"column":0},"end":{"line":280,"column":5}},"212":{"start":{"line":281,"column":0},"end":{"line":281,"column":33}},"213":{"start":{"line":284,"column":0},"end":{"line":284,"column":5}},"214":{"start":{"line":285,"column":0},"end":{"line":285,"column":46}},"215":{"start":{"line":286,"column":0},"end":{"line":286,"column":71}},"216":{"start":{"line":287,"column":0},"end":{"line":287,"column":83}},"217":{"start":{"line":288,"column":0},"end":{"line":288,"column":53}},"218":{"start":{"line":289,"column":0},"end":{"line":289,"column":5}},"219":{"start":{"line":290,"column":0},"end":{"line":290,"column":78}},"220":{"start":{"line":291,"column":0},"end":{"line":291,"column":5}},"221":{"start":{"line":292,"column":0},"end":{"line":292,"column":33}},"222":{"start":{"line":295,"column":0},"end":{"line":295,"column":5}},"223":{"start":{"line":296,"column":0},"end":{"line":296,"column":50}},"224":{"start":{"line":297,"column":0},"end":{"line":297,"column":65}},"225":{"start":{"line":298,"column":0},"end":{"line":298,"column":86}},"226":{"start":{"line":299,"column":0},"end":{"line":299,"column":33}},"227":{"start":{"line":300,"column":0},"end":{"line":300,"column":27}},"228":{"start":{"line":301,"column":0},"end":{"line":301,"column":59}},"229":{"start":{"line":302,"column":0},"end":{"line":302,"column":5}},"230":{"start":{"line":303,"column":0},"end":{"line":303,"column":78}},"231":{"start":{"line":304,"column":0},"end":{"line":304,"column":5}},"232":{"start":{"line":305,"column":0},"end":{"line":305,"column":76}},"233":{"start":{"line":306,"column":0},"end":{"line":306,"column":68}},"234":{"start":{"line":307,"column":0},"end":{"line":307,"column":55}},"235":{"start":{"line":308,"column":0},"end":{"line":308,"column":58}},"236":{"start":{"line":309,"column":0},"end":{"line":309,"column":5}},"237":{"start":{"line":310,"column":0},"end":{"line":310,"column":98}},"238":{"start":{"line":311,"column":0},"end":{"line":311,"column":54}},"239":{"start":{"line":312,"column":0},"end":{"line":312,"column":41}},"240":{"start":{"line":313,"column":0},"end":{"line":313,"column":56}},"241":{"start":{"line":314,"column":0},"end":{"line":314,"column":28}},"242":{"start":{"line":315,"column":0},"end":{"line":315,"column":17}},"243":{"start":{"line":316,"column":0},"end":{"line":316,"column":6}},"244":{"start":{"line":317,"column":0},"end":{"line":317,"column":45}},"245":{"start":{"line":318,"column":0},"end":{"line":318,"column":28}},"246":{"start":{"line":319,"column":0},"end":{"line":319,"column":8}},"247":{"start":{"line":320,"column":0},"end":{"line":320,"column":15}},"248":{"start":{"line":321,"column":0},"end":{"line":321,"column":35}},"249":{"start":{"line":322,"column":0},"end":{"line":322,"column":28}},"250":{"start":{"line":323,"column":0},"end":{"line":323,"column":57}},"251":{"start":{"line":324,"column":0},"end":{"line":324,"column":7}},"252":{"start":{"line":325,"column":0},"end":{"line":325,"column":13}},"253":{"start":{"line":326,"column":0},"end":{"line":326,"column":14}},"254":{"start":{"line":327,"column":0},"end":{"line":327,"column":19}},"255":{"start":{"line":328,"column":0},"end":{"line":328,"column":89}},"256":{"start":{"line":329,"column":0},"end":{"line":329,"column":31}},"257":{"start":{"line":330,"column":0},"end":{"line":330,"column":7}},"258":{"start":{"line":331,"column":0},"end":{"line":331,"column":5}},"259":{"start":{"line":332,"column":0},"end":{"line":332,"column":101}},"260":{"start":{"line":333,"column":0},"end":{"line":333,"column":45}},"261":{"start":{"line":334,"column":0},"end":{"line":334,"column":12}},"262":{"start":{"line":335,"column":0},"end":{"line":335,"column":76}},"263":{"start":{"line":336,"column":0},"end":{"line":336,"column":6}},"264":{"start":{"line":337,"column":0},"end":{"line":337,"column":5}},"265":{"start":{"line":338,"column":0},"end":{"line":338,"column":41}},"266":{"start":{"line":339,"column":0},"end":{"line":339,"column":32}},"267":{"start":{"line":340,"column":0},"end":{"line":340,"column":40}},"268":{"start":{"line":341,"column":0},"end":{"line":341,"column":5}},"269":{"start":{"line":342,"column":0},"end":{"line":342,"column":5}},"270":{"start":{"line":343,"column":0},"end":{"line":343,"column":72}},"271":{"start":{"line":344,"column":0},"end":{"line":344,"column":73}},"272":{"start":{"line":345,"column":0},"end":{"line":345,"column":55}},"273":{"start":{"line":346,"column":0},"end":{"line":346,"column":58}},"274":{"start":{"line":347,"column":0},"end":{"line":347,"column":5}},"275":{"start":{"line":348,"column":0},"end":{"line":348,"column":113}},"276":{"start":{"line":349,"column":0},"end":{"line":349,"column":30}},"277":{"start":{"line":350,"column":0},"end":{"line":350,"column":37}},"278":{"start":{"line":351,"column":0},"end":{"line":351,"column":19}},"279":{"start":{"line":352,"column":0},"end":{"line":352,"column":21}},"280":{"start":{"line":353,"column":0},"end":{"line":353,"column":6}},"281":{"start":{"line":354,"column":0},"end":{"line":354,"column":69}},"282":{"start":{"line":355,"column":0},"end":{"line":355,"column":41}},"283":{"start":{"line":356,"column":0},"end":{"line":356,"column":32}},"284":{"start":{"line":357,"column":0},"end":{"line":357,"column":40}},"285":{"start":{"line":358,"column":0},"end":{"line":358,"column":34}},"286":{"start":{"line":359,"column":0},"end":{"line":359,"column":5}},"287":{"start":{"line":360,"column":0},"end":{"line":360,"column":5}},"288":{"start":{"line":361,"column":0},"end":{"line":361,"column":38}},"289":{"start":{"line":364,"column":0},"end":{"line":364,"column":5}},"290":{"start":{"line":365,"column":0},"end":{"line":365,"column":30}},"291":{"start":{"line":366,"column":0},"end":{"line":366,"column":39}},"292":{"start":{"line":367,"column":0},"end":{"line":367,"column":19}},"293":{"start":{"line":368,"column":0},"end":{"line":368,"column":21}},"294":{"start":{"line":369,"column":0},"end":{"line":369,"column":6}},"295":{"start":{"line":370,"column":0},"end":{"line":370,"column":71}},"296":{"start":{"line":371,"column":0},"end":{"line":371,"column":41}},"297":{"start":{"line":372,"column":0},"end":{"line":372,"column":32}},"298":{"start":{"line":373,"column":0},"end":{"line":373,"column":40}},"299":{"start":{"line":374,"column":0},"end":{"line":374,"column":34}},"300":{"start":{"line":375,"column":0},"end":{"line":375,"column":5}},"301":{"start":{"line":376,"column":0},"end":{"line":376,"column":5}},"302":{"start":{"line":377,"column":0},"end":{"line":377,"column":51}},"303":{"start":{"line":378,"column":0},"end":{"line":378,"column":68}},"304":{"start":{"line":379,"column":0},"end":{"line":379,"column":37}},"305":{"start":{"line":380,"column":0},"end":{"line":380,"column":32}},"306":{"start":{"line":381,"column":0},"end":{"line":381,"column":40}},"307":{"start":{"line":382,"column":0},"end":{"line":382,"column":5}},"308":{"start":{"line":383,"column":0},"end":{"line":383,"column":5}},"309":{"start":{"line":384,"column":0},"end":{"line":384,"column":61}},"310":{"start":{"line":385,"column":0},"end":{"line":385,"column":84}},"311":{"start":{"line":386,"column":0},"end":{"line":386,"column":5}},"312":{"start":{"line":388,"column":0},"end":{"line":388,"column":48}},"313":{"start":{"line":389,"column":0},"end":{"line":389,"column":28}},"314":{"start":{"line":390,"column":0},"end":{"line":390,"column":63}},"315":{"start":{"line":391,"column":0},"end":{"line":391,"column":53}},"316":{"start":{"line":392,"column":0},"end":{"line":392,"column":5}},"317":{"start":{"line":394,"column":0},"end":{"line":394,"column":47}},"318":{"start":{"line":395,"column":0},"end":{"line":395,"column":28}},"319":{"start":{"line":396,"column":0},"end":{"line":396,"column":62}},"320":{"start":{"line":397,"column":0},"end":{"line":397,"column":52}},"321":{"start":{"line":398,"column":0},"end":{"line":398,"column":5}},"322":{"start":{"line":399,"column":0},"end":{"line":399,"column":50}},"323":{"start":{"line":400,"column":0},"end":{"line":400,"column":36}},"324":{"start":{"line":401,"column":0},"end":{"line":401,"column":98}},"325":{"start":{"line":402,"column":0},"end":{"line":402,"column":60}},"326":{"start":{"line":403,"column":0},"end":{"line":403,"column":5}},"327":{"start":{"line":404,"column":0},"end":{"line":404,"column":57}},"328":{"start":{"line":405,"column":0},"end":{"line":405,"column":55}},"329":{"start":{"line":406,"column":0},"end":{"line":406,"column":62}},"330":{"start":{"line":407,"column":0},"end":{"line":407,"column":40}},"331":{"start":{"line":408,"column":0},"end":{"line":408,"column":37}},"332":{"start":{"line":409,"column":0},"end":{"line":409,"column":51}},"333":{"start":{"line":410,"column":0},"end":{"line":410,"column":5}},"334":{"start":{"line":411,"column":0},"end":{"line":411,"column":5}},"335":{"start":{"line":412,"column":0},"end":{"line":412,"column":67}},"336":{"start":{"line":413,"column":0},"end":{"line":413,"column":65}},"337":{"start":{"line":414,"column":0},"end":{"line":414,"column":52}},"338":{"start":{"line":415,"column":0},"end":{"line":415,"column":55}},"339":{"start":{"line":416,"column":0},"end":{"line":416,"column":5}},"340":{"start":{"line":417,"column":0},"end":{"line":417,"column":48}},"341":{"start":{"line":418,"column":0},"end":{"line":418,"column":65}},"342":{"start":{"line":419,"column":0},"end":{"line":419,"column":55}},"343":{"start":{"line":420,"column":0},"end":{"line":420,"column":5}},"344":{"start":{"line":422,"column":0},"end":{"line":422,"column":44}},"345":{"start":{"line":423,"column":0},"end":{"line":423,"column":32}},"346":{"start":{"line":424,"column":0},"end":{"line":424,"column":99}},"347":{"start":{"line":425,"column":0},"end":{"line":425,"column":57}},"348":{"start":{"line":426,"column":0},"end":{"line":426,"column":5}},"349":{"start":{"line":427,"column":0},"end":{"line":427,"column":50}},"350":{"start":{"line":428,"column":0},"end":{"line":428,"column":51}},"351":{"start":{"line":429,"column":0},"end":{"line":429,"column":59}},"352":{"start":{"line":430,"column":0},"end":{"line":430,"column":40}},"353":{"start":{"line":431,"column":0},"end":{"line":431,"column":34}},"354":{"start":{"line":432,"column":0},"end":{"line":432,"column":48}},"355":{"start":{"line":433,"column":0},"end":{"line":433,"column":5}},"356":{"start":{"line":434,"column":0},"end":{"line":434,"column":5}},"357":{"start":{"line":435,"column":0},"end":{"line":435,"column":83}},"358":{"start":{"line":436,"column":0},"end":{"line":436,"column":36}},"359":{"start":{"line":437,"column":0},"end":{"line":437,"column":41}},"360":{"start":{"line":438,"column":0},"end":{"line":438,"column":40}},"361":{"start":{"line":439,"column":0},"end":{"line":439,"column":6}},"362":{"start":{"line":440,"column":0},"end":{"line":440,"column":59}},"363":{"start":{"line":441,"column":0},"end":{"line":441,"column":44}},"364":{"start":{"line":442,"column":0},"end":{"line":442,"column":34}},"365":{"start":{"line":443,"column":0},"end":{"line":443,"column":46}},"366":{"start":{"line":444,"column":0},"end":{"line":444,"column":5}},"367":{"start":{"line":445,"column":0},"end":{"line":445,"column":5}},"368":{"start":{"line":446,"column":0},"end":{"line":446,"column":63}},"369":{"start":{"line":447,"column":0},"end":{"line":447,"column":61}},"370":{"start":{"line":448,"column":0},"end":{"line":448,"column":49}},"371":{"start":{"line":449,"column":0},"end":{"line":449,"column":52}},"372":{"start":{"line":450,"column":0},"end":{"line":450,"column":5}},"373":{"start":{"line":451,"column":0},"end":{"line":451,"column":50}},"374":{"start":{"line":452,"column":0},"end":{"line":452,"column":61}},"375":{"start":{"line":453,"column":0},"end":{"line":453,"column":52}},"376":{"start":{"line":454,"column":0},"end":{"line":454,"column":5}},"377":{"start":{"line":456,"column":0},"end":{"line":456,"column":46}},"378":{"start":{"line":457,"column":0},"end":{"line":457,"column":34}},"379":{"start":{"line":458,"column":0},"end":{"line":458,"column":90}},"380":{"start":{"line":459,"column":0},"end":{"line":459,"column":58}},"381":{"start":{"line":460,"column":0},"end":{"line":460,"column":5}},"382":{"start":{"line":461,"column":0},"end":{"line":461,"column":53}},"383":{"start":{"line":462,"column":0},"end":{"line":462,"column":53}},"384":{"start":{"line":463,"column":0},"end":{"line":463,"column":60}},"385":{"start":{"line":464,"column":0},"end":{"line":464,"column":40}},"386":{"start":{"line":465,"column":0},"end":{"line":465,"column":35}},"387":{"start":{"line":466,"column":0},"end":{"line":466,"column":49}},"388":{"start":{"line":467,"column":0},"end":{"line":467,"column":5}},"389":{"start":{"line":468,"column":0},"end":{"line":468,"column":5}},"390":{"start":{"line":469,"column":0},"end":{"line":469,"column":55}},"391":{"start":{"line":470,"column":0},"end":{"line":470,"column":68}},"392":{"start":{"line":471,"column":0},"end":{"line":471,"column":90}},"393":{"start":{"line":472,"column":0},"end":{"line":472,"column":5}},"394":{"start":{"line":473,"column":0},"end":{"line":473,"column":61}},"395":{"start":{"line":474,"column":0},"end":{"line":474,"column":63}},"396":{"start":{"line":475,"column":0},"end":{"line":475,"column":50}},"397":{"start":{"line":476,"column":0},"end":{"line":476,"column":38}},"398":{"start":{"line":477,"column":0},"end":{"line":477,"column":35}},"399":{"start":{"line":478,"column":0},"end":{"line":478,"column":54}},"400":{"start":{"line":479,"column":0},"end":{"line":479,"column":5}},"401":{"start":{"line":480,"column":0},"end":{"line":480,"column":5}},"402":{"start":{"line":481,"column":0},"end":{"line":481,"column":83}},"403":{"start":{"line":482,"column":0},"end":{"line":482,"column":76}},"404":{"start":{"line":483,"column":0},"end":{"line":483,"column":50}},"405":{"start":{"line":484,"column":0},"end":{"line":484,"column":97}},"406":{"start":{"line":485,"column":0},"end":{"line":485,"column":5}},"407":{"start":{"line":486,"column":0},"end":{"line":486,"column":46}},"408":{"start":{"line":487,"column":0},"end":{"line":487,"column":63}},"409":{"start":{"line":488,"column":0},"end":{"line":488,"column":53}},"410":{"start":{"line":489,"column":0},"end":{"line":489,"column":5}},"411":{"start":{"line":491,"column":0},"end":{"line":491,"column":39}},"412":{"start":{"line":492,"column":0},"end":{"line":492,"column":24}},"413":{"start":{"line":493,"column":0},"end":{"line":493,"column":58}},"414":{"start":{"line":494,"column":0},"end":{"line":494,"column":48}},"415":{"start":{"line":495,"column":0},"end":{"line":495,"column":5}},"416":{"start":{"line":496,"column":0},"end":{"line":496,"column":42}},"417":{"start":{"line":497,"column":0},"end":{"line":497,"column":32}},"418":{"start":{"line":498,"column":0},"end":{"line":498,"column":90}},"419":{"start":{"line":499,"column":0},"end":{"line":499,"column":56}},"420":{"start":{"line":500,"column":0},"end":{"line":500,"column":5}},"421":{"start":{"line":501,"column":0},"end":{"line":501,"column":55}},"422":{"start":{"line":502,"column":0},"end":{"line":502,"column":61}},"423":{"start":{"line":503,"column":0},"end":{"line":503,"column":101}},"424":{"start":{"line":504,"column":0},"end":{"line":504,"column":51}},"425":{"start":{"line":505,"column":0},"end":{"line":505,"column":5}},"426":{"start":{"line":506,"column":0},"end":{"line":506,"column":44}},"427":{"start":{"line":507,"column":0},"end":{"line":507,"column":61}},"428":{"start":{"line":508,"column":0},"end":{"line":508,"column":51}},"429":{"start":{"line":509,"column":0},"end":{"line":509,"column":5}},"430":{"start":{"line":511,"column":0},"end":{"line":511,"column":52}},"431":{"start":{"line":512,"column":0},"end":{"line":512,"column":65}},"432":{"start":{"line":513,"column":0},"end":{"line":513,"column":5}},"433":{"start":{"line":514,"column":0},"end":{"line":514,"column":88}},"434":{"start":{"line":515,"column":0},"end":{"line":515,"column":36}},"435":{"start":{"line":516,"column":0},"end":{"line":516,"column":44}},"436":{"start":{"line":517,"column":0},"end":{"line":517,"column":21}},"437":{"start":{"line":518,"column":0},"end":{"line":518,"column":6}},"438":{"start":{"line":519,"column":0},"end":{"line":519,"column":5}},"439":{"start":{"line":520,"column":0},"end":{"line":520,"column":84}},"440":{"start":{"line":521,"column":0},"end":{"line":521,"column":40}},"441":{"start":{"line":522,"column":0},"end":{"line":522,"column":25}},"442":{"start":{"line":523,"column":0},"end":{"line":523,"column":35}},"443":{"start":{"line":524,"column":0},"end":{"line":524,"column":6}},"444":{"start":{"line":525,"column":0},"end":{"line":525,"column":5}},"445":{"start":{"line":526,"column":0},"end":{"line":526,"column":38}},"446":{"start":{"line":529,"column":0},"end":{"line":529,"column":5}},"447":{"start":{"line":530,"column":0},"end":{"line":530,"column":50}},"448":{"start":{"line":531,"column":0},"end":{"line":531,"column":44}},"449":{"start":{"line":532,"column":0},"end":{"line":532,"column":35}},"450":{"start":{"line":533,"column":0},"end":{"line":533,"column":6}},"451":{"start":{"line":534,"column":0},"end":{"line":534,"column":5}},"452":{"start":{"line":536,"column":0},"end":{"line":536,"column":47}},"453":{"start":{"line":537,"column":0},"end":{"line":537,"column":22}},"454":{"start":{"line":538,"column":0},"end":{"line":538,"column":31}},"455":{"start":{"line":539,"column":0},"end":{"line":539,"column":21}},"456":{"start":{"line":540,"column":0},"end":{"line":540,"column":51}},"457":{"start":{"line":541,"column":0},"end":{"line":541,"column":6}},"458":{"start":{"line":542,"column":0},"end":{"line":542,"column":24}},"459":{"start":{"line":543,"column":0},"end":{"line":543,"column":5}},"460":{"start":{"line":544,"column":0},"end":{"line":544,"column":45}},"461":{"start":{"line":545,"column":0},"end":{"line":545,"column":22}},"462":{"start":{"line":546,"column":0},"end":{"line":546,"column":29}},"463":{"start":{"line":547,"column":0},"end":{"line":547,"column":21}},"464":{"start":{"line":548,"column":0},"end":{"line":548,"column":51}},"465":{"start":{"line":549,"column":0},"end":{"line":549,"column":6}},"466":{"start":{"line":550,"column":0},"end":{"line":550,"column":24}},"467":{"start":{"line":551,"column":0},"end":{"line":551,"column":5}},"468":{"start":{"line":552,"column":0},"end":{"line":552,"column":83}},"469":{"start":{"line":553,"column":0},"end":{"line":553,"column":36}},"470":{"start":{"line":554,"column":0},"end":{"line":554,"column":50}},"471":{"start":{"line":555,"column":0},"end":{"line":555,"column":21}},"472":{"start":{"line":556,"column":0},"end":{"line":556,"column":51}},"473":{"start":{"line":557,"column":0},"end":{"line":557,"column":6}},"474":{"start":{"line":558,"column":0},"end":{"line":558,"column":24}},"475":{"start":{"line":559,"column":0},"end":{"line":559,"column":5}},"476":{"start":{"line":560,"column":0},"end":{"line":560,"column":81}},"477":{"start":{"line":561,"column":0},"end":{"line":561,"column":36}},"478":{"start":{"line":562,"column":0},"end":{"line":562,"column":48}},"479":{"start":{"line":563,"column":0},"end":{"line":563,"column":21}},"480":{"start":{"line":564,"column":0},"end":{"line":564,"column":51}},"481":{"start":{"line":565,"column":0},"end":{"line":565,"column":6}},"482":{"start":{"line":566,"column":0},"end":{"line":566,"column":24}},"483":{"start":{"line":567,"column":0},"end":{"line":567,"column":5}},"484":{"start":{"line":568,"column":0},"end":{"line":568,"column":79}},"485":{"start":{"line":569,"column":0},"end":{"line":569,"column":40}},"486":{"start":{"line":570,"column":0},"end":{"line":570,"column":31}},"487":{"start":{"line":571,"column":0},"end":{"line":571,"column":35}},"488":{"start":{"line":572,"column":0},"end":{"line":572,"column":51}},"489":{"start":{"line":573,"column":0},"end":{"line":573,"column":6}},"490":{"start":{"line":574,"column":0},"end":{"line":574,"column":24}},"491":{"start":{"line":575,"column":0},"end":{"line":575,"column":5}},"492":{"start":{"line":576,"column":0},"end":{"line":576,"column":77}},"493":{"start":{"line":577,"column":0},"end":{"line":577,"column":40}},"494":{"start":{"line":578,"column":0},"end":{"line":578,"column":29}},"495":{"start":{"line":579,"column":0},"end":{"line":579,"column":35}},"496":{"start":{"line":580,"column":0},"end":{"line":580,"column":51}},"497":{"start":{"line":581,"column":0},"end":{"line":581,"column":6}},"498":{"start":{"line":582,"column":0},"end":{"line":582,"column":24}},"499":{"start":{"line":583,"column":0},"end":{"line":583,"column":5}},"500":{"start":{"line":584,"column":0},"end":{"line":584,"column":40}},"501":{"start":{"line":587,"column":0},"end":{"line":587,"column":5}},"502":{"start":{"line":588,"column":0},"end":{"line":588,"column":50}},"503":{"start":{"line":589,"column":0},"end":{"line":589,"column":50}},"504":{"start":{"line":590,"column":0},"end":{"line":590,"column":35}},"505":{"start":{"line":591,"column":0},"end":{"line":591,"column":51}},"506":{"start":{"line":592,"column":0},"end":{"line":592,"column":6}},"507":{"start":{"line":593,"column":0},"end":{"line":593,"column":24}},"508":{"start":{"line":594,"column":0},"end":{"line":594,"column":5}},"509":{"start":{"line":595,"column":0},"end":{"line":595,"column":38}},"510":{"start":{"line":598,"column":0},"end":{"line":598,"column":5}},"511":{"start":{"line":599,"column":0},"end":{"line":599,"column":50}},"512":{"start":{"line":600,"column":0},"end":{"line":600,"column":48}},"513":{"start":{"line":601,"column":0},"end":{"line":601,"column":35}},"514":{"start":{"line":602,"column":0},"end":{"line":602,"column":51}},"515":{"start":{"line":603,"column":0},"end":{"line":603,"column":6}},"516":{"start":{"line":604,"column":0},"end":{"line":604,"column":24}},"517":{"start":{"line":605,"column":0},"end":{"line":605,"column":5}},"518":{"start":{"line":606,"column":0},"end":{"line":606,"column":4}},"519":{"start":{"line":607,"column":0},"end":{"line":607,"column":3}},"520":{"start":{"line":609,"column":0},"end":{"line":609,"column":14}},"521":{"start":{"line":610,"column":0},"end":{"line":610,"column":18}},"522":{"start":{"line":611,"column":0},"end":{"line":611,"column":21}},"523":{"start":{"line":612,"column":0},"end":{"line":612,"column":32}},"524":{"start":{"line":613,"column":0},"end":{"line":613,"column":33}},"525":{"start":{"line":614,"column":0},"end":{"line":614,"column":26}},"526":{"start":{"line":615,"column":0},"end":{"line":615,"column":18}},"527":{"start":{"line":616,"column":0},"end":{"line":616,"column":22}},"528":{"start":{"line":617,"column":0},"end":{"line":617,"column":21}},"529":{"start":{"line":618,"column":0},"end":{"line":618,"column":23}},"530":{"start":{"line":619,"column":0},"end":{"line":619,"column":23}},"531":{"start":{"line":620,"column":0},"end":{"line":620,"column":23}},"532":{"start":{"line":621,"column":0},"end":{"line":621,"column":20}},"533":{"start":{"line":622,"column":0},"end":{"line":622,"column":24}},"534":{"start":{"line":623,"column":0},"end":{"line":623,"column":23}},"535":{"start":{"line":624,"column":0},"end":{"line":624,"column":25}},"536":{"start":{"line":625,"column":0},"end":{"line":625,"column":25}},"537":{"start":{"line":626,"column":0},"end":{"line":626,"column":25}},"538":{"start":{"line":627,"column":0},"end":{"line":627,"column":28}},"539":{"start":{"line":628,"column":0},"end":{"line":628,"column":31}},"540":{"start":{"line":629,"column":0},"end":{"line":629,"column":33}},"541":{"start":{"line":630,"column":0},"end":{"line":630,"column":33}},"542":{"start":{"line":631,"column":0},"end":{"line":631,"column":33}},"543":{"start":{"line":632,"column":0},"end":{"line":632,"column":33}},"544":{"start":{"line":633,"column":0},"end":{"line":633,"column":21}},"545":{"start":{"line":634,"column":0},"end":{"line":634,"column":25}},"546":{"start":{"line":635,"column":0},"end":{"line":635,"column":24}},"547":{"start":{"line":636,"column":0},"end":{"line":636,"column":26}},"548":{"start":{"line":637,"column":0},"end":{"line":637,"column":26}},"549":{"start":{"line":638,"column":0},"end":{"line":638,"column":26}},"550":{"start":{"line":639,"column":0},"end":{"line":639,"column":38}},"551":{"start":{"line":640,"column":0},"end":{"line":640,"column":21}},"552":{"start":{"line":641,"column":0},"end":{"line":641,"column":25}},"553":{"start":{"line":642,"column":0},"end":{"line":642,"column":24}},"554":{"start":{"line":643,"column":0},"end":{"line":643,"column":28}},"555":{"start":{"line":644,"column":0},"end":{"line":644,"column":26}},"556":{"start":{"line":645,"column":0},"end":{"line":645,"column":26}},"557":{"start":{"line":646,"column":0},"end":{"line":646,"column":26}},"558":{"start":{"line":647,"column":0},"end":{"line":647,"column":25}},"559":{"start":{"line":648,"column":0},"end":{"line":648,"column":28}},"560":{"start":{"line":649,"column":0},"end":{"line":649,"column":33}},"561":{"start":{"line":650,"column":0},"end":{"line":650,"column":33}},"562":{"start":{"line":651,"column":0},"end":{"line":651,"column":34}},"563":{"start":{"line":652,"column":0},"end":{"line":652,"column":27}},"564":{"start":{"line":653,"column":0},"end":{"line":653,"column":27}},"565":{"start":{"line":654,"column":0},"end":{"line":654,"column":30}},"566":{"start":{"line":655,"column":0},"end":{"line":655,"column":30}},"567":{"start":{"line":656,"column":0},"end":{"line":656,"column":28}},"568":{"start":{"line":657,"column":0},"end":{"line":657,"column":30}},"569":{"start":{"line":658,"column":0},"end":{"line":658,"column":32}},"570":{"start":{"line":659,"column":0},"end":{"line":659,"column":30}},"571":{"start":{"line":660,"column":0},"end":{"line":660,"column":40}},"572":{"start":{"line":661,"column":0},"end":{"line":661,"column":22}},"573":{"start":{"line":662,"column":0},"end":{"line":662,"column":22}},"574":{"start":{"line":663,"column":0},"end":{"line":663,"column":25}},"575":{"start":{"line":664,"column":0},"end":{"line":664,"column":30}},"576":{"start":{"line":665,"column":0},"end":{"line":665,"column":27}},"577":{"start":{"line":666,"column":0},"end":{"line":666,"column":27}},"578":{"start":{"line":667,"column":0},"end":{"line":667,"column":22}},"579":{"start":{"line":668,"column":0},"end":{"line":668,"column":26}},"580":{"start":{"line":669,"column":0},"end":{"line":669,"column":30}},"581":{"start":{"line":670,"column":0},"end":{"line":670,"column":29}},"582":{"start":{"line":671,"column":0},"end":{"line":671,"column":29}},"583":{"start":{"line":672,"column":0},"end":{"line":672,"column":23}},"584":{"start":{"line":673,"column":0},"end":{"line":673,"column":28}},"585":{"start":{"line":674,"column":0},"end":{"line":674,"column":32}},"586":{"start":{"line":675,"column":0},"end":{"line":675,"column":36}},"587":{"start":{"line":676,"column":0},"end":{"line":676,"column":25}},"588":{"start":{"line":677,"column":0},"end":{"line":677,"column":25}},"589":{"start":{"line":678,"column":0},"end":{"line":678,"column":25}},"590":{"start":{"line":679,"column":0},"end":{"line":679,"column":18}},"591":{"start":{"line":680,"column":0},"end":{"line":680,"column":21}},"592":{"start":{"line":681,"column":0},"end":{"line":681,"column":23}},"593":{"start":{"line":682,"column":0},"end":{"line":682,"column":23}},"594":{"start":{"line":683,"column":0},"end":{"line":683,"column":24}},"595":{"start":{"line":684,"column":0},"end":{"line":684,"column":32}},"596":{"start":{"line":685,"column":0},"end":{"line":685,"column":24}},"597":{"start":{"line":686,"column":0},"end":{"line":686,"column":32}},"598":{"start":{"line":687,"column":0},"end":{"line":687,"column":28}},"599":{"start":{"line":688,"column":0},"end":{"line":688,"column":36}},"600":{"start":{"line":689,"column":0},"end":{"line":689,"column":28}},"601":{"start":{"line":690,"column":0},"end":{"line":690,"column":36}},"602":{"start":{"line":691,"column":0},"end":{"line":691,"column":30}},"603":{"start":{"line":692,"column":0},"end":{"line":692,"column":28}},"604":{"start":{"line":693,"column":0},"end":{"line":693,"column":38}},"605":{"start":{"line":694,"column":0},"end":{"line":694,"column":36}},"606":{"start":{"line":695,"column":0},"end":{"line":695,"column":30}},"607":{"start":{"line":696,"column":0},"end":{"line":696,"column":28}},"608":{"start":{"line":697,"column":0},"end":{"line":697,"column":38}},"609":{"start":{"line":698,"column":0},"end":{"line":698,"column":36}},"610":{"start":{"line":699,"column":0},"end":{"line":699,"column":8}}},"s":{"0":2,"1":2,"2":2,"3":2,"4":2,"5":2,"6":2,"7":2,"8":2,"9":2,"10":2,"11":2,"12":2,"13":2,"14":2,"15":2,"16":2,"17":2,"18":2,"19":2,"20":2,"21":2,"22":2,"23":2,"24":2,"25":2,"26":2,"27":2,"28":2,"29":2,"30":2,"31":2,"32":2,"33":2,"34":2,"35":2,"36":2,"37":2,"38":2,"39":1,"40":1,"41":0,"42":2,"43":2,"44":2,"45":2,"46":2,"47":2,"48":2,"49":2,"50":2,"51":2,"52":2,"53":2,"54":2,"55":2,"56":2,"57":2,"58":2,"59":2,"60":2,"61":2,"62":2,"63":2,"64":2,"65":2,"66":2,"67":2,"68":2,"69":2,"70":1,"71":1,"72":0,"73":2,"74":2,"75":2,"76":2,"77":2,"78":2,"79":2,"80":2,"81":2,"82":2,"83":2,"84":2,"85":2,"86":2,"87":2,"88":2,"89":2,"90":2,"91":2,"92":2,"93":2,"94":2,"95":2,"96":2,"97":2,"98":2,"99":2,"100":2,"101":2,"102":2,"103":2,"104":2,"105":2,"106":2,"107":2,"108":2,"109":2,"110":2,"111":2,"112":2,"113":2,"114":2,"115":2,"116":2,"117":2,"118":2,"119":2,"120":2,"121":2,"122":2,"123":2,"124":2,"125":2,"126":2,"127":2,"128":2,"129":2,"130":2,"131":2,"132":2,"133":2,"134":2,"135":2,"136":2,"137":2,"138":2,"139":2,"140":2,"141":2,"142":2,"143":2,"144":0,"145":0,"146":0,"147":0,"148":2,"149":2,"150":2,"151":2,"152":2,"153":2,"154":2,"155":1,"156":1,"157":0,"158":2,"159":2,"160":2,"161":2,"162":2,"163":2,"164":2,"165":2,"166":2,"167":2,"168":2,"169":2,"170":2,"171":2,"172":2,"173":2,"174":2,"175":2,"176":2,"177":2,"178":2,"179":2,"180":2,"181":2,"182":2,"183":2,"184":2,"185":2,"186":2,"187":2,"188":2,"189":2,"190":0,"191":0,"192":0,"193":2,"194":2,"195":0,"196":0,"197":0,"198":2,"199":2,"200":2,"201":2,"202":2,"203":2,"204":2,"205":2,"206":2,"207":2,"208":0,"209":0,"210":0,"211":2,"212":2,"213":2,"214":2,"215":0,"216":0,"217":0,"218":0,"219":2,"220":2,"221":2,"222":2,"223":2,"224":0,"225":0,"226":0,"227":0,"228":0,"229":0,"230":2,"231":2,"232":2,"233":2,"234":2,"235":2,"236":2,"237":2,"238":2,"239":0,"240":0,"241":0,"242":0,"243":0,"244":0,"245":0,"246":0,"247":0,"248":0,"249":0,"250":0,"251":0,"252":0,"253":0,"254":0,"255":0,"256":0,"257":0,"258":0,"259":0,"260":0,"261":0,"262":0,"263":0,"264":0,"265":2,"266":0,"267":0,"268":0,"269":2,"270":2,"271":2,"272":2,"273":2,"274":2,"275":2,"276":2,"277":1,"278":1,"279":1,"280":1,"281":2,"282":2,"283":1,"284":1,"285":1,"286":1,"287":2,"288":2,"289":2,"290":2,"291":0,"292":0,"293":0,"294":0,"295":2,"296":2,"297":0,"298":0,"299":0,"300":0,"301":2,"302":2,"303":2,"304":2,"305":0,"306":0,"307":0,"308":2,"309":2,"310":2,"311":2,"312":2,"313":2,"314":2,"315":2,"316":2,"317":2,"318":2,"319":2,"320":2,"321":2,"322":2,"323":2,"324":2,"325":2,"326":2,"327":2,"328":2,"329":2,"330":2,"331":0,"332":0,"333":0,"334":2,"335":2,"336":2,"337":2,"338":2,"339":2,"340":2,"341":2,"342":2,"343":2,"344":2,"345":2,"346":2,"347":2,"348":2,"349":2,"350":2,"351":2,"352":2,"353":1,"354":1,"355":1,"356":2,"357":2,"358":2,"359":0,"360":0,"361":0,"362":2,"363":2,"364":0,"365":0,"366":0,"367":2,"368":2,"369":2,"370":2,"371":2,"372":2,"373":2,"374":2,"375":2,"376":2,"377":2,"378":2,"379":2,"380":2,"381":2,"382":2,"383":2,"384":2,"385":2,"386":1,"387":1,"388":1,"389":2,"390":2,"391":2,"392":2,"393":2,"394":2,"395":2,"396":2,"397":2,"398":0,"399":0,"400":0,"401":2,"402":2,"403":2,"404":2,"405":2,"406":2,"407":2,"408":2,"409":2,"410":2,"411":2,"412":2,"413":2,"414":2,"415":2,"416":2,"417":2,"418":2,"419":2,"420":2,"421":2,"422":2,"423":2,"424":2,"425":2,"426":2,"427":2,"428":2,"429":2,"430":2,"431":2,"432":2,"433":2,"434":2,"435":0,"436":0,"437":0,"438":2,"439":2,"440":2,"441":0,"442":0,"443":0,"444":2,"445":2,"446":2,"447":2,"448":0,"449":0,"450":0,"451":2,"452":2,"453":2,"454":0,"455":0,"456":0,"457":0,"458":2,"459":2,"460":2,"461":2,"462":0,"463":0,"464":0,"465":0,"466":2,"467":2,"468":2,"469":2,"470":0,"471":0,"472":0,"473":0,"474":2,"475":2,"476":2,"477":2,"478":0,"479":0,"480":0,"481":0,"482":2,"483":2,"484":2,"485":2,"486":0,"487":0,"488":0,"489":0,"490":2,"491":2,"492":2,"493":2,"494":0,"495":0,"496":0,"497":0,"498":2,"499":2,"500":2,"501":2,"502":2,"503":0,"504":0,"505":0,"506":0,"507":2,"508":2,"509":2,"510":2,"511":2,"512":0,"513":0,"514":0,"515":0,"516":2,"517":2,"518":2,"519":2,"520":2,"521":2,"522":2,"523":2,"524":2,"525":2,"526":2,"527":2,"528":2,"529":2,"530":2,"531":2,"532":2,"533":2,"534":2,"535":2,"536":2,"537":2,"538":2,"539":2,"540":2,"541":2,"542":2,"543":2,"544":2,"545":2,"546":2,"547":2,"548":2,"549":2,"550":2,"551":2,"552":2,"553":2,"554":2,"555":2,"556":2,"557":2,"558":2,"559":2,"560":2,"561":2,"562":2,"563":2,"564":2,"565":2,"566":2,"567":2,"568":2,"569":2,"570":2,"571":2,"572":2,"573":2,"574":2,"575":2,"576":2,"577":2,"578":2,"579":2,"580":2,"581":2,"582":2,"583":2,"584":2,"585":2,"586":2,"587":2,"588":2,"589":2,"590":2,"591":2,"592":2,"593":2,"594":2,"595":2,"596":2,"597":2,"598":2,"599":2,"600":2,"601":2,"602":2,"603":2,"604":2,"605":2,"606":2,"607":2,"608":2,"609":2,"610":2},"branchMap":{"0":{"type":"branch","line":78,"loc":{"start":{"line":78,"column":12},"end":{"line":606,"column":4}},"locations":[{"start":{"line":78,"column":12},"end":{"line":606,"column":4}}]},"1":{"type":"branch","line":80,"loc":{"start":{"line":80,"column":10},"end":{"line":80,"column":66}},"locations":[{"start":{"line":80,"column":10},"end":{"line":80,"column":66}}]},"2":{"type":"branch","line":83,"loc":{"start":{"line":83,"column":10},"end":{"line":83,"column":69}},"locations":[{"start":{"line":83,"column":10},"end":{"line":83,"column":69}}]},"3":{"type":"branch","line":86,"loc":{"start":{"line":86,"column":10},"end":{"line":86,"column":82}},"locations":[{"start":{"line":86,"column":10},"end":{"line":86,"column":82}}]},"4":{"type":"branch","line":92,"loc":{"start":{"line":92,"column":10},"end":{"line":92,"column":75}},"locations":[{"start":{"line":92,"column":10},"end":{"line":92,"column":75}}]},"5":{"type":"branch","line":96,"loc":{"start":{"line":96,"column":10},"end":{"line":96,"column":24}},"locations":[{"start":{"line":96,"column":10},"end":{"line":96,"column":24}}]},"6":{"type":"branch","line":97,"loc":{"start":{"line":97,"column":22},"end":{"line":97,"column":58}},"locations":[{"start":{"line":97,"column":22},"end":{"line":97,"column":58}}]},"7":{"type":"branch","line":98,"loc":{"start":{"line":98,"column":17},"end":{"line":101,"column":38}},"locations":[{"start":{"line":98,"column":17},"end":{"line":101,"column":38}}]},"8":{"type":"branch","line":100,"loc":{"start":{"line":100,"column":92},"end":{"line":101,"column":38}},"locations":[{"start":{"line":100,"column":92},"end":{"line":101,"column":38}}]},"9":{"type":"branch","line":100,"loc":{"start":{"line":100,"column":17},"end":{"line":100,"column":61}},"locations":[{"start":{"line":100,"column":17},"end":{"line":100,"column":61}}]},"10":{"type":"branch","line":104,"loc":{"start":{"line":104,"column":10},"end":{"line":104,"column":34}},"locations":[{"start":{"line":104,"column":10},"end":{"line":104,"column":34}}]},"11":{"type":"branch","line":105,"loc":{"start":{"line":105,"column":22},"end":{"line":105,"column":90}},"locations":[{"start":{"line":105,"column":22},"end":{"line":105,"column":90}}]},"12":{"type":"branch","line":108,"loc":{"start":{"line":108,"column":10},"end":{"line":108,"column":32}},"locations":[{"start":{"line":108,"column":10},"end":{"line":108,"column":32}}]},"13":{"type":"branch","line":109,"loc":{"start":{"line":109,"column":22},"end":{"line":109,"column":48}},"locations":[{"start":{"line":109,"column":22},"end":{"line":109,"column":48}}]},"14":{"type":"branch","line":110,"loc":{"start":{"line":110,"column":17},"end":{"line":110,"column":56}},"locations":[{"start":{"line":110,"column":17},"end":{"line":110,"column":56}}]},"15":{"type":"branch","line":113,"loc":{"start":{"line":113,"column":10},"end":{"line":113,"column":68}},"locations":[{"start":{"line":113,"column":10},"end":{"line":113,"column":68}}]},"16":{"type":"branch","line":114,"loc":{"start":{"line":114,"column":22},"end":{"line":114,"column":48}},"locations":[{"start":{"line":114,"column":22},"end":{"line":114,"column":48}}]},"17":{"type":"branch","line":118,"loc":{"start":{"line":118,"column":10},"end":{"line":118,"column":74}},"locations":[{"start":{"line":118,"column":10},"end":{"line":118,"column":74}}]},"18":{"type":"branch","line":119,"loc":{"start":{"line":119,"column":22},"end":{"line":119,"column":48}},"locations":[{"start":{"line":119,"column":22},"end":{"line":119,"column":48}}]},"19":{"type":"branch","line":120,"loc":{"start":{"line":120,"column":20},"end":{"line":120,"column":93}},"locations":[{"start":{"line":120,"column":20},"end":{"line":120,"column":93}}]},"20":{"type":"branch","line":128,"loc":{"start":{"line":128,"column":10},"end":{"line":128,"column":92}},"locations":[{"start":{"line":128,"column":10},"end":{"line":128,"column":92}}]},"21":{"type":"branch","line":129,"loc":{"start":{"line":129,"column":22},"end":{"line":129,"column":60}},"locations":[{"start":{"line":129,"column":22},"end":{"line":129,"column":60}}]},"22":{"type":"branch","line":130,"loc":{"start":{"line":130,"column":17},"end":{"line":133,"column":40}},"locations":[{"start":{"line":130,"column":17},"end":{"line":133,"column":40}}]},"23":{"type":"branch","line":132,"loc":{"start":{"line":132,"column":96},"end":{"line":133,"column":40}},"locations":[{"start":{"line":132,"column":96},"end":{"line":133,"column":40}}]},"24":{"type":"branch","line":132,"loc":{"start":{"line":132,"column":17},"end":{"line":132,"column":63}},"locations":[{"start":{"line":132,"column":17},"end":{"line":132,"column":63}}]},"25":{"type":"branch","line":136,"loc":{"start":{"line":136,"column":10},"end":{"line":136,"column":34}},"locations":[{"start":{"line":136,"column":10},"end":{"line":136,"column":34}}]},"26":{"type":"branch","line":137,"loc":{"start":{"line":137,"column":22},"end":{"line":137,"column":57}},"locations":[{"start":{"line":137,"column":22},"end":{"line":137,"column":57}}]},"27":{"type":"branch","line":138,"loc":{"start":{"line":138,"column":17},"end":{"line":138,"column":58}},"locations":[{"start":{"line":138,"column":17},"end":{"line":138,"column":58}}]},"28":{"type":"branch","line":141,"loc":{"start":{"line":141,"column":10},"end":{"line":141,"column":70}},"locations":[{"start":{"line":141,"column":10},"end":{"line":141,"column":70}}]},"29":{"type":"branch","line":142,"loc":{"start":{"line":142,"column":22},"end":{"line":142,"column":57}},"locations":[{"start":{"line":142,"column":22},"end":{"line":142,"column":57}}]},"30":{"type":"branch","line":146,"loc":{"start":{"line":146,"column":10},"end":{"line":146,"column":76}},"locations":[{"start":{"line":146,"column":10},"end":{"line":146,"column":76}}]},"31":{"type":"branch","line":147,"loc":{"start":{"line":147,"column":22},"end":{"line":147,"column":57}},"locations":[{"start":{"line":147,"column":22},"end":{"line":147,"column":57}}]},"32":{"type":"branch","line":148,"loc":{"start":{"line":148,"column":20},"end":{"line":148,"column":97}},"locations":[{"start":{"line":148,"column":20},"end":{"line":148,"column":97}}]},"33":{"type":"branch","line":151,"loc":{"start":{"line":151,"column":10},"end":{"line":151,"column":63}},"locations":[{"start":{"line":151,"column":10},"end":{"line":151,"column":63}}]},"34":{"type":"branch","line":156,"loc":{"start":{"line":156,"column":10},"end":{"line":156,"column":34}},"locations":[{"start":{"line":156,"column":10},"end":{"line":156,"column":34}}]},"35":{"type":"branch","line":157,"loc":{"start":{"line":157,"column":22},"end":{"line":157,"column":68}},"locations":[{"start":{"line":157,"column":22},"end":{"line":157,"column":68}}]},"36":{"type":"branch","line":184,"loc":{"start":{"line":184,"column":10},"end":{"line":184,"column":73}},"locations":[{"start":{"line":184,"column":10},"end":{"line":184,"column":73}}]},"37":{"type":"branch","line":185,"loc":{"start":{"line":185,"column":22},"end":{"line":185,"column":85}},"locations":[{"start":{"line":185,"column":22},"end":{"line":185,"column":85}}]},"38":{"type":"branch","line":185,"loc":{"start":{"line":185,"column":58},"end":{"line":185,"column":85}},"locations":[{"start":{"line":185,"column":58},"end":{"line":185,"column":85}}]},"39":{"type":"branch","line":193,"loc":{"start":{"line":193,"column":10},"end":{"line":193,"column":64}},"locations":[{"start":{"line":193,"column":10},"end":{"line":193,"column":64}}]},"40":{"type":"branch","line":194,"loc":{"start":{"line":194,"column":22},"end":{"line":194,"column":57}},"locations":[{"start":{"line":194,"column":22},"end":{"line":194,"column":57}}]},"41":{"type":"branch","line":220,"loc":{"start":{"line":220,"column":10},"end":{"line":220,"column":27}},"locations":[{"start":{"line":220,"column":10},"end":{"line":220,"column":27}}]},"42":{"type":"branch","line":221,"loc":{"start":{"line":221,"column":22},"end":{"line":221,"column":61}},"locations":[{"start":{"line":221,"column":22},"end":{"line":221,"column":61}}]},"43":{"type":"branch","line":222,"loc":{"start":{"line":222,"column":17},"end":{"line":225,"column":41}},"locations":[{"start":{"line":222,"column":17},"end":{"line":225,"column":41}}]},"44":{"type":"branch","line":224,"loc":{"start":{"line":224,"column":98},"end":{"line":225,"column":41}},"locations":[{"start":{"line":224,"column":98},"end":{"line":225,"column":41}}]},"45":{"type":"branch","line":224,"loc":{"start":{"line":224,"column":17},"end":{"line":224,"column":64}},"locations":[{"start":{"line":224,"column":17},"end":{"line":224,"column":64}}]},"46":{"type":"branch","line":228,"loc":{"start":{"line":228,"column":10},"end":{"line":228,"column":35}},"locations":[{"start":{"line":228,"column":10},"end":{"line":228,"column":35}}]},"47":{"type":"branch","line":229,"loc":{"start":{"line":229,"column":22},"end":{"line":229,"column":84}},"locations":[{"start":{"line":229,"column":22},"end":{"line":229,"column":84}}]},"48":{"type":"branch","line":230,"loc":{"start":{"line":230,"column":17},"end":{"line":230,"column":59}},"locations":[{"start":{"line":230,"column":17},"end":{"line":230,"column":59}}]},"49":{"type":"branch","line":233,"loc":{"start":{"line":233,"column":10},"end":{"line":233,"column":64}},"locations":[{"start":{"line":233,"column":10},"end":{"line":233,"column":64}}]},"50":{"type":"branch","line":234,"loc":{"start":{"line":234,"column":22},"end":{"line":234,"column":95}},"locations":[{"start":{"line":234,"column":22},"end":{"line":234,"column":95}}]},"51":{"type":"branch","line":248,"loc":{"start":{"line":248,"column":10},"end":{"line":248,"column":77}},"locations":[{"start":{"line":248,"column":10},"end":{"line":248,"column":77}}]},"52":{"type":"branch","line":249,"loc":{"start":{"line":249,"column":22},"end":{"line":249,"column":65}},"locations":[{"start":{"line":249,"column":22},"end":{"line":249,"column":65}}]},"53":{"type":"branch","line":253,"loc":{"start":{"line":253,"column":10},"end":{"line":253,"column":39}},"locations":[{"start":{"line":253,"column":10},"end":{"line":253,"column":39}}]},"54":{"type":"branch","line":254,"loc":{"start":{"line":254,"column":22},"end":{"line":254,"column":97}},"locations":[{"start":{"line":254,"column":22},"end":{"line":254,"column":97}}]},"55":{"type":"branch","line":255,"loc":{"start":{"line":255,"column":17},"end":{"line":255,"column":63}},"locations":[{"start":{"line":255,"column":17},"end":{"line":255,"column":63}}]},"56":{"type":"branch","line":344,"loc":{"start":{"line":344,"column":10},"end":{"line":344,"column":73}},"locations":[{"start":{"line":344,"column":10},"end":{"line":344,"column":73}}]},"57":{"type":"branch","line":345,"loc":{"start":{"line":345,"column":22},"end":{"line":345,"column":55}},"locations":[{"start":{"line":345,"column":22},"end":{"line":345,"column":55}}]},"58":{"type":"branch","line":349,"loc":{"start":{"line":349,"column":10},"end":{"line":353,"column":6}},"locations":[{"start":{"line":349,"column":10},"end":{"line":353,"column":6}}]},"59":{"type":"branch","line":354,"loc":{"start":{"line":354,"column":22},"end":{"line":354,"column":69}},"locations":[{"start":{"line":354,"column":22},"end":{"line":354,"column":69}}]},"60":{"type":"branch","line":355,"loc":{"start":{"line":355,"column":20},"end":{"line":359,"column":5}},"locations":[{"start":{"line":355,"column":20},"end":{"line":359,"column":5}}]},"61":{"type":"branch","line":395,"loc":{"start":{"line":395,"column":10},"end":{"line":395,"column":28}},"locations":[{"start":{"line":395,"column":10},"end":{"line":395,"column":28}}]},"62":{"type":"branch","line":396,"loc":{"start":{"line":396,"column":22},"end":{"line":396,"column":62}},"locations":[{"start":{"line":396,"column":22},"end":{"line":396,"column":62}}]},"63":{"type":"branch","line":413,"loc":{"start":{"line":413,"column":10},"end":{"line":413,"column":65}},"locations":[{"start":{"line":413,"column":10},"end":{"line":413,"column":65}}]},"64":{"type":"branch","line":414,"loc":{"start":{"line":414,"column":22},"end":{"line":414,"column":52}},"locations":[{"start":{"line":414,"column":22},"end":{"line":414,"column":52}}]},"65":{"type":"branch","line":428,"loc":{"start":{"line":428,"column":10},"end":{"line":428,"column":51}},"locations":[{"start":{"line":428,"column":10},"end":{"line":428,"column":51}}]},"66":{"type":"branch","line":429,"loc":{"start":{"line":429,"column":22},"end":{"line":429,"column":59}},"locations":[{"start":{"line":429,"column":22},"end":{"line":429,"column":59}}]},"67":{"type":"branch","line":430,"loc":{"start":{"line":430,"column":17},"end":{"line":433,"column":5}},"locations":[{"start":{"line":430,"column":17},"end":{"line":433,"column":5}}]},"68":{"type":"branch","line":462,"loc":{"start":{"line":462,"column":10},"end":{"line":462,"column":53}},"locations":[{"start":{"line":462,"column":10},
[...]
:22},"end":{"line":475,"column":50}},"line":475},"134":{"name":"invalidatesTags","decl":{"start":{"line":476,"column":20},"end":{"line":479,"column":5}},"loc":{"start":{"line":476,"column":20},"end":{"line":479,"column":5}},"line":476},"135":{"name":"query","decl":{"start":{"line":482,"column":10},"end":{"line":482,"column":76}},"loc":{"start":{"line":482,"column":10},"end":{"line":482,"column":76}},"line":482},"136":{"name":"transformResponse","decl":{"start":{"line":483,"column":22},"end":{"line":483,"column":50}},"loc":{"start":{"line":483,"column":22},"end":{"line":483,"column":50}},"line":483},"137":{"name":"invalidatesTags","decl":{"start":{"line":484,"column":20},"end":{"line":484,"column":97}},"loc":{"start":{"line":484,"column":20},"end":{"line":484,"column":97}},"line":484},"138":{"name":"query","decl":{"start":{"line":487,"column":10},"end":{"line":487,"column":63}},"loc":{"start":{"line":487,"column":10},"end":{"line":487,"column":63}},"line":487},"139":{"name":"query","decl":{"start":{"line":492,"column":10},"end":{"line":492,"column":24}},"loc":{"start":{"line":492,"column":10},"end":{"line":492,"column":24}},"line":492},"140":{"name":"transformResponse","decl":{"start":{"line":493,"column":22},"end":{"line":493,"column":58}},"loc":{"start":{"line":493,"column":22},"end":{"line":493,"column":58}},"line":493},"141":{"name":"query","decl":{"start":{"line":497,"column":10},"end":{"line":497,"column":32}},"loc":{"start":{"line":497,"column":10},"end":{"line":497,"column":32}},"line":497},"142":{"name":"transformResponse","decl":{"start":{"line":498,"column":22},"end":{"line":498,"column":90}},"loc":{"start":{"line":498,"column":22},"end":{"line":498,"column":90}},"line":498},"143":{"name":"providesTags","decl":{"start":{"line":499,"column":17},"end":{"line":499,"column":56}},"loc":{"start":{"line":499,"column":17},"end":{"line":499,"column":56}},"line":499},"144":{"name":"query","decl":{"start":{"line":502,"column":10},"end":{"line":502,"column":61}},"loc":{"start":{"line":502,"column":10},"end":{"line":502,"column":61}},"line":502},"145":{"name":"transformResponse","decl":{"start":{"line":503,"column":22},"end":{"line":503,"column":101}},"loc":{"start":{"line":503,"column":22},"end":{"line":503,"column":101}},"line":503},"146":{"name":"query","decl":{"start":{"line":507,"column":10},"end":{"line":507,"column":61}},"loc":{"start":{"line":507,"column":10},"end":{"line":507,"column":61}},"line":507},"147":{"name":"query","decl":{"start":{"line":512,"column":10},"end":{"line":512,"column":65}},"loc":{"start":{"line":512,"column":10},"end":{"line":512,"column":65}},"line":512},"148":{"name":"query","decl":{"start":{"line":515,"column":10},"end":{"line":518,"column":6}},"loc":{"start":{"line":515,"column":10},"end":{"line":518,"column":6}},"line":515},"149":{"name":"query","decl":{"start":{"line":521,"column":10},"end":{"line":524,"column":6}},"loc":{"start":{"line":521,"column":10},"end":{"line":524,"column":6}},"line":521},"150":{"name":"query","decl":{"start":{"line":530,"column":10},"end":{"line":533,"column":6}},"loc":{"start":{"line":530,"column":10},"end":{"line":533,"column":6}},"line":530},"151":{"name":"query","decl":{"start":{"line":537,"column":10},"end":{"line":541,"column":6}},"loc":{"start":{"line":537,"column":10},"end":{"line":541,"column":6}},"line":537},"152":{"name":"query","decl":{"start":{"line":545,"column":10},"end":{"line":549,"column":6}},"loc":{"start":{"line":545,"column":10},"end":{"line":549,"column":6}},"line":545},"153":{"name":"query","decl":{"start":{"line":553,"column":10},"end":{"line":557,"column":6}},"loc":{"start":{"line":553,"column":10},"end":{"line":557,"column":6}},"line":553},"154":{"name":"query","decl":{"start":{"line":561,"column":10},"end":{"line":565,"column":6}},"loc":{"start":{"line":561,"column":10},"end":{"line":565,"column":6}},"line":561},"155":{"name":"query","decl":{"start":{"line":569,"column":10},"end":{"line":573,"column":6}},"loc":{"start":{"line":569,"column":10},"end":{"line":573,"column":6}},"line":569},"156":{"name":"query","decl":{"start":{"line":577,"column":10},"end":{"line":581,"column":6}},"loc":{"start":{"line":577,"column":10},"end":{"line":581,"column":6}},"line":577},"157":{"name":"query","decl":{"start":{"line":588,"column":10},"end":{"line":592,"column":6}},"loc":{"start":{"line":588,"column":10},"end":{"line":592,"column":6}},"line":588},"158":{"name":"query","decl":{"start":{"line":599,"column":10},"end":{"line":603,"column":6}},"loc":{"start":{"line":599,"column":10},"end":{"line":603,"column":6}},"line":599}},"f":{"0":2,"1":1,"2":1,"3":1,"4":0,"5":1,"6":1,"7":1,"8":1,"9":1,"10":1,"11":1,"12":1,"13":1,"14":1,"15":1,"16":1,"17":1,"18":1,"19":0,"20":1,"21":1,"22":1,"23":1,"24":1,"25":1,"26":1,"27":1,"28":1,"29":1,"30":1,"31":1,"32":1,"33":1,"34":0,"35":0,"36":0,"37":0,"38":0,"39":0,"40":0,"41":1,"42":1,"43":0,"44":0,"45":1,"46":1,"47":0,"48":0,"49":0,"50":0,"51":0,"52":0,"53":0,"54":0,"55":1,"56":1,"57":1,"58":1,"59":1,"60":1,"61":1,"62":1,"63":0,"64":0,"65":0,"66":0,"67":1,"68":1,"69":1,"70":1,"71":1,"72":0,"73":0,"74":0,"75":0,"76":0,"77":0,"78":0,"79":0,"80":0,"81":0,"82":0,"83":0,"84":0,"85":0,"86":0,"87":0,"88":1,"89":1,"90":1,"91":1,"92":1,"93":0,"94":0,"95":0,"96":0,"97":0,"98":0,"99":0,"100":0,"101":1,"102":1,"103":0,"104":0,"105":0,"106":0,"107":0,"108":0,"109":1,"110":1,"111":0,"112":0,"113":0,"114":0,"115":1,"116":1,"117":1,"118":0,"119":0,"120":0,"121":0,"122":0,"123":0,"124":0,"125":0,"126":0,"127":1,"128":1,"129":1,"130":0,"131":0,"132":0,"133":0,"134":0,"135":0,"136":0,"137":0,"138":0,"139":1,"140":1,"141":0,"142":0,"143":0,"144":0,"145":0,"146":0,"147":0,"148":0,"149":0,"150":0,"151":0,"152":0,"153":0,"154":0,"155":0,"156":0,"157":0,"158":0}}
,"C:\\Users\\zeeit\\OneDrive\\Desktop\\kursovaya\\modules\\frontend\\src\\store\\api\\baseQuery.ts": {"path":"C:\\Users\\zeeit\\OneDrive\\Desktop\\kursovaya\\modules\\frontend\\src\\store\\api\\baseQuery.ts","all":false,"statementMap":{"0":{"start":{"line":2,"column":0},"end":{"line":2,"column":62}},"1":{"start":{"line":4,"column":0},"end":{"line":4,"column":47}},"2":{"start":{"line":6,"column":0},"end":{"line":6,"column":37}},"3":{"start":{"line":7,"column":0},"end":{"line":7,"column":19}},"4":{"start":{"line":8,"column":0},"end":{"line":8,"column":31}},"5":{"start":{"line":9,"column":0},"end":{"line":9,"column":46}},"6":{"start":{"line":10,"column":0},"end":{"line":10,"column":61}},"7":{"start":{"line":11,"column":0},"end":{"line":11,"column":50}},"8":{"start":{"line":12,"column":0},"end":{"line":12,"column":17}},"9":{"start":{"line":13,"column":0},"end":{"line":13,"column":3}},"10":{"start":{"line":14,"column":0},"end":{"line":14,"column":3}},"11":{"start":{"line":16,"column":0},"end":{"line":16,"column":46}},"12":{"start":{"line":20,"column":0},"end":{"line":20,"column":40}},"13":{"start":{"line":21,"column":0},"end":{"line":21,"column":60}},"14":{"start":{"line":22,"column":0},"end":{"line":22,"column":51}},"15":{"start":{"line":23,"column":0},"end":{"line":23,"column":57}},"16":{"start":{"line":24,"column":0},"end":{"line":24,"column":32}},"17":{"start":{"line":25,"column":0},"end":{"line":25,"column":36}},"18":{"start":{"line":26,"column":0},"end":{"line":26,"column":35}},"19":{"start":{"line":27,"column":0},"end":{"line":27,"column":40}},"20":{"start":{"line":28,"column":0},"end":{"line":28,"column":3}},"21":{"start":{"line":29,"column":0},"end":{"line":29,"column":2}},"22":{"start":{"line":30,"column":0},"end":{"line":30,"column":15}},"23":{"start":{"line":31,"column":0},"end":{"line":31,"column":2}}},"s":{"0":2,"1":2,"2":2,"3":2,"4":2,"5":35,"6":35,"7":35,"8":35,"9":35,"10":2,"11":2,"12":2,"13":35,"14":35,"15":3,"16":3,"17":1,"18":1,"19":1,"20":1,"21":3,"22":35,"23":35},"branchMap":{"0":{"type":"branch","line":8,"loc":{"start":{"line":8,"column":17},"end":{"line":13,"column":3}},"locations":[{"start":{"line":8,"column":17},"end":{"line":13,"column":3}}]},"1":{"type":"branch","line":10,"loc":{"start":{"line":10,"column":13},"end":{"line":10,"column":61}},"locations":[{"start":{"line":10,"column":13},"end":{"line":10,"column":61}}]},"2":{"type":"branch","line":20,"loc":{"start":{"line":20,"column":4},"end":{"line":31,"column":2}},"locations":[{"start":{"line":20,"column":4},"end":{"line":31,"column":2}}]},"3":{"type":"branch","line":22,"loc":{"start":{"line":22,"column":12},"end":{"line":22,"column":50}},"locations":[{"start":{"line":22,"column":12},"end":{"line":22,"column":50}}]},"4":{"type":"branch","line":22,"loc":{"start":{"line":22,"column":50},"end":{"line":29,"column":2}},"locations":[{"start":{"line":22,"column":50},"end":{"line":29,"column":2}}]},"5":{"type":"branch","line":23,"loc":{"start":{"line":23,"column":30},"end":{"line":23,"column":48}},"locations":[{"start":{"line":23,"column":30},"end":{"line":23,"column":48}}]},"6":{"type":"branch","line":23,"loc":{"start":{"line":23,"column":41},"end":{"line":23,"column":57}},"locations":[{"start":{"line":23,"column":41},"end":{"line":23,"column":57}}]},"7":{"type":"branch","line":24,"loc":{"start":{"line":24,"column":31},"end":{"line":28,"column":3}},"locations":[{"start":{"line":24,"column":31},"end":{"line":28,"column":3}}]}},"b":{"0":[35],"1":[4],"2":[35],"3":[3],"4":[3],"5":[2],"6":[1],"7":[1]},"fnMap":{"0":{"name":"prepareHeaders","decl":{"start":{"line":8,"column":17},"end":{"line":13,"column":3}},"loc":{"start":{"line":8,"column":17},"end":{"line":13,"column":3}},"line":8},"1":{"name":"baseQueryWithReauth","decl":{"start":{"line":20,"column":4},"end":{"line":31,"column":2}},"loc":{"start":{"line":20,"column":4},"end":{"line":31,"column":2}},"line":20}},"f":{"0":35,"1":35}}
,"C:\\Users\\zeeit\\OneDrive\\Desktop\\kursovaya\\modules\\frontend\\src\\store\\api\\utils.ts": {"path":"C:\\Users\\zeeit\\OneDrive\\Desktop\\kursovaya\\modules\\frontend\\src\\store\\api\\utils.ts","all":false,"statementMap":{"0":{"start":{"line":3,"column":0},"end":{"line":3,"column":79}},"1":{"start":{"line":4,"column":0},"end":{"line":4,"column":41}},"2":{"start":{"line":6,"column":0},"end":{"line":6,"column":51}},"3":{"start":{"line":7,"column":0},"end":{"line":7,"column":45}},"4":{"start":{"line":8,"column":0},"end":{"line":8,"column":42}},"5":{"start":{"line":9,"column":0},"end":{"line":9,"column":40}},"6":{"start":{"line":10,"column":0},"end":{"line":10,"column":11}},"7":{"start":{"line":11,"column":0},"end":{"line":11,"column":1}},"8":{"start":{"line":13,"column":0},"end":{"line":13,"column":76}},"9":{"start":{"line":14,"column":0},"end":{"line":14,"column":80}},"10":{"start":{"line":15,"column":0},"end":{"line":15,"column":19}},"11":{"start":{"line":16,"column":0},"end":{"line":16,"column":2}},"12":{"start":{"line":17,"column":0},"end":{"line":17,"column":40}},"13":{"start":{"line":18,"column":0},"end":{"line":18,"column":40}},"14":{"start":{"line":19,"column":0},"end":{"line":19,"column":74}},"15":{"start":{"line":20,"column":0},"end":{"line":20,"column":1}},"16":{"start":{"line":22,"column":0},"end":{"line":22,"column":78}},"17":{"start":{"line":23,"column":0},"end":{"line":23,"column":75}},"18":{"start":{"line":24,"column":0},"end":{"line":24,"column":1}},"19":{"start":{"line":27,"column":0},"end":{"line":27,"column":66}},"20":{"start":{"line":28,"column":0},"end":{"line":28,"column":15}},"21":{"start":{"line":29,"column":0},"end":{"line":29,"column":24}},"22":{"start":{"line":30,"column":0},"end":{"line":30,"column":6}},"23":{"start":{"line":31,"column":0},"end":{"line":31,"column":47}},"24":{"start":{"line":32,"column":0},"end":{"line":32,"column":1}},"25":{"start":{"line":34,"column":0},"end":{"line":34,"column":87}},"26":{"start":{"line":35,"column":0},"end":{"line":35,"column":31}},"27":{"start":{"line":36,"column":0},"end":{"line":36,"column":51}},"28":{"start":{"line":37,"column":0},"end":{"line":37,"column":91}},"29":{"start":{"line":38,"column":0},"end":{"line":38,"column":77}},"30":{"start":{"line":39,"column":0},"end":{"line":39,"column":45}},"31":{"start":{"line":40,"column":0},"end":{"line":40,"column":2}},"32":{"start":{"line":41,"column":0},"end":{"line":41,"column":54}},"33":{"start":{"line":42,"column":0},"end":{"line":42,"column":57}},"34":{"start":{"line":43,"column":0},"end":{"line":43,"column":57}},"35":{"start":{"line":44,"column":0},"end":{"line":44,"column":66}},"36":{"start":{"line":45,"column":0},"end":{"line":45,"column":14}},"37":{"start":{"line":46,"column":0},"end":{"line":46,"column":1}},"38":{"start":{"line":48,"column":0},"end":{"line":48,"column":50}},"39":{"start":{"line":49,"column":0},"end":{"line":49,"column":29}},"40":{"start":{"line":50,"column":0},"end":{"line":50,"column":9}},"41":{"start":{"line":51,"column":0},"end":{"line":51,"column":29}},"42":{"start":{"line":52,"column":0},"end":{"line":52,"column":32}},"43":{"start":{"line":53,"column":0},"end":{"line":53,"column":37}},"44":{"start":{"line":55,"column":0},"end":{"line":55,"column":1}}},"s":{"0":2,"1":2,"2":2,"3":12,"4":11,"5":12,"6":1,"7":1,"8":2,"9":10,"10":1,"11":1,"12":9,"13":10,"14":10,"15":10,"16":2,"17":3,"18":3,"19":2,"20":1,"21":1,"22":1,"23":1,"24":1,"25":2,"26":3,"27":1,"28":3,"29":3,"30":1,"31":1,"32":1,"33":2,"34":2,"35":2,"36":1,"37":1,"38":2,"39":7,"40":7,"41":7,"42":5,"43":3,"44":7},"branchMap":{"0":{"type":"branch","line":6,"loc":{"start":{"line":6,"column":7},"end":{"line":11,"column":1}},"locations":[{"start":{"line":6,"column":7},"end":{"line":11,"column":1}}]},"1":{"type":"branch","line":7,"loc":{"start":{"line":7,"column":26},"end":{"line":7,"column":45}},"locations":[{"start":{"line":7,"column":26},"end":{"line":7,"column":45}}]},"2":{"type":"branch","line":9,"loc":{"start":{"line":9,"column":35},"end":{"line":11,"column":1}},"locations":[{"start":{"line":9,"column":35},"end":{"line":11,"column":1}}]},"3":{"type":"branch","line":13,"loc":{"start":{"line":13,"column":7},"end":{"line":20,"column":1}},"locations":[{"start":{"line":13,"column":7},"end":{"line":20,"column":1}}]},"4":{"type":"branch","line":14,"loc":{"start":{"line":14,"column":49},"end":{"line":14,"column":79}},"locations":[{"start":{"line":14,"column":49},"end":{"line":14,"column":79}}]},"5":{"type":"branch","line":14,"loc":{"start":{"line":14,"column":79},"end":{"line":16,"column":2}},"locations":[{"start":{"line":14,"column":79},"end":{"line":16,"column":2}}]},"6":{"type":"branch","line":18,"loc":{"start":{"line":18,"column":35},"end":{"line":19,"column":57}},"locations":[{"start":{"line":18,"column":35},"end":{"line":19,"column":57}}]},"7":{"type":"branch","line":19,"loc":{"start":{"line":19,"column":46},"end":{"line":19,"column":72}},"locations":[{"start":{"line":19,"column":46},"end":{"line":19,"column":72}}]},"8":{"type":"branch","line":22,"loc":{"start":{"line":22,"column":7},"end":{"line":24,"column":1}},"locations":[{"start":{"line":22,"column":7},"end":{"line":24,"column":1}}]},"9":{"type":"branch","line":27,"loc":{"start":{"line":27,"column":7},"end":{"line":32,"column":1}},"locations":[{"start":{"line":27,"column":7},"end":{"line":32,"column":1}}]},"10":{"type":"branch","line":34,"loc":{"start":{"line":34,"column":7},"end":{"line":46,"column":1}},"locations":[{"start":{"line":34,"column":7},"end":{"line":46,"column":1}}]},"11":{"type":"branch","line":35,"loc":{"start":{"line":35,"column":21},"end":{"line":37,"column":57}},"locations":[{"start":{"line":35,"column":21},"end":{"line":37,"column":57}}]},"12":{"type":"branch","line":37,"loc":{"start":{"line":37,"column":57},"end":{"line":38,"column":76}},"locations":[{"start":{"line":37,"column":57},"end":{"line":38,"column":76}}]},"13":{"type":"branch","line":38,"loc":{"start":{"line":38,"column":76},"end":{"line":46,"column":1}},"locations":[{"start":{"line":38,"column":76},"end":{"line":46,"column":1}}]},"14":{"type":"branch","line":7,"loc":{"start":{"line":7,"column":33},"end":{"line":9,"column":14}},"locations":[{"start":{"line":7,"column":33},"end":{"line":9,"column":14}}]},"15":{"type":"branch","line":9,"loc":{"start":{"line":9,"column":5},"end":{"line":9,"column":20}},"locations":[{"start":{"line":9,"column":5},"end":{"line":9,"column":20}}]},"16":{"type":"branch","line":9,"loc":{"start":{"line":9,"column":20},"end":{"line":11,"column":1}},"locations":[{"start":{"line":9,"column":20},"end":{"line":11,"column":1}}]},"17":{"type":"branch","line":16,"loc":{"start":{"line":16,"column":1},"end":{"line":18,"column":20}},"locations":[{"start":{"line":16,"column":1},"end":{"line":18,"column":20}}]},"18":{"type":"branch","line":18,"loc":{"start":{"line":18,"column":20},"end":{"line":19,"column":57}},"locations":[{"start":{"line":18,"column":20},"end":{"line":19,"column":57}}]},"19":{"type":"branch","line":35,"loc":{"start":{"line":35,"column":14},"end":{"line":37,"column":57}},"locations":[{"start":{"line":35,"column":14},"end":{"line":37,"column":57}}]},"20":{"type":"branch","line":38,"loc":{"start":{"line":38,"column":76},"end":{"line":42,"column":34}},"locations":[{"start":{"line":38,"column":76},"end":{"line":42,"column":34}}]},"21":{"type":"branch","line":42,"loc":{"start":{"line":42,"column":28},"end":{"line":42,"column":57}},"locations":[{"start":{"line":42,"column":28},"end":{"line":42,"column":57}}]},"22":{"type":"branch","line":42,"loc":{"start":{"line":42,"column":50},"end":{"line":43,"column":34}},"locations":[{"start":{"line":42,"column":50},"end":{"line":43,"column":34}}]},"23":{"type":"branch","line":43,"loc":{"start":{"line":43,"column":28},"end":{"line":43,"column":57}},"locations":[{"start":{"line":43,"column":28},"end":{"line":43,"column":57}}]},"24":{"type":"branch","line":43,"loc":{"start":{"line":43,"column":50},"end":{"line":44,"column":37}},"locations":[{"start":{"line":43,"column":50},"end":{"line":44,"column":37}}]},"25":{"type":"branch","line":44,"loc":{"start":{"line":44,"column":31},"end":{"line":44,"column":66}},"locations":[{"start":{"line":44,"column":31},"end":{"line":44,"column":66}}]},"26":{"type":"branch","line":44,"loc":{"start":{"line":44,"column":56},"end":{"line":46,"column":1}},"locations":[{"start":{"line":44,"column":56},"end":{"line":46,"column":1}}]},"27":{"type":"branch","line":48,"loc":{"start":{"line":48,"column":7},"end":{"line":55,"column":1}},"locations":[{"start":{"line":48,"column":7},"end":{"line":55,"column":1}}]},"28":{"type":"branch","line":51,"loc":{"start":{"line":51,"column":25},"end":{"line":52,"column":32}},"locations":[{"start":{"line":51,"column":25},"end":{"line":52,"column":32}}]},"29":{"type":"branch","line":52,"loc":{"start":{"line":52,"column":28},"end":{"line":53,"column":37}},"locations":[{"start":{"line":52,"column":28},"end":{"line":53,"column":37}}]}},"b":{"0":[12],"1":[1],"2":[1],"3":[10],"4":[1],"5":[1],"6":[1],"7":[0],"8":[3],"9":[1],"10":[3],"11":[1],"12":[1],"13":[2],"14":[11],"15":[10],"16":[10],"17":[9],"18":[8],"19":[2],"20":[1],"21":[0],"22":[1],"23":[0],"24":[1],"25":[0],"26":[1],"27":[7],"28":[5],"29":[3]},"fnMap":{"0":{"name":"unwrapList","decl":{"start":{"line":6,"column":7},"end":{"line":11,"column":1}},"loc":{"start":{"line":6,"column":7},"end":{"line":11,"column":1}},"line":6},"1":{"name":"unwrapEntity","decl":{"start":{"line":13,"column":7},"end":{"line":20,"column":1}},"loc":{"start":{"line":13,"column":7},"end":{"line":20,"column":1}},"line":13},"2":{"name":"unwrapDoctorDto","decl":{"start":{"line":22,"column":7},"end":{"line":24,"column":1}},"loc":{"start":{"line":22,"column":7},"end":{"line":24,"column":1}},"line":22},"3":{"name":"unwrapWrappedOrEntity","decl":{"start":{"line":27,"column":7},"end":{"line":32,"column":1}},"loc":{"start":{"line":27,"column":7},"end":{"line":32,"column":1}},"line":27},"4":{"name":"doctorsQueryParams","decl":{"start":{"line":34,"column":7},"end":{"line":46,"column":1}},"loc":{"start":{"line":34,"column":7},"end":{"line":46,"column":1}},"line":34},"5":{"name":"isAuthPath","decl":{"start":{"line":48,"column":7},"end":{"line":55,"column":1}},"loc":{"start":{"line":48,"column":7},"end":{"line":55,"column":1}},"line":48}},"f":{"0":12,"1":10,"2":3,"3":1,"4":3,"5":7}}
}
